Log file open, 04/12/17 10:12:41
LogInit:Display: Running engine for game: UnrealAIAssessment
LogPlatformFile: Not using cached read wrapper
LogInit:Display: RandInit(2018401800) SRandInit(2018401800).
LogTaskGraph: Started task graph with 5 named threads and 8 total threads with 1 sets of task threads.
LogStats: Stats thread started at 0.078281
LogInit: Using libcurl 7.47.1
LogInit:  - built for x86_64-pc-win32
LogInit:  - supports SSL with OpenSSL/1.0.2g
LogInit:  - supports HTTP deflate (compression) using libz 1.2.8
LogInit:  - other features:
LogInit:      CURL_VERSION_SSL
LogInit:      CURL_VERSION_LIBZ
LogInit:      CURL_VERSION_IPV6
LogInit:      CURL_VERSION_ASYNCHDNS
LogInit:      CURL_VERSION_LARGEFILE
LogInit:      CURL_VERSION_IDN
LogInit:  CurlRequestOptions (configurable via config and command line):
LogInit:  - bVerifyPeer = false  - Libcurl will NOT verify peer certificate
LogInit:  - bUseHttpProxy = false  - Libcurl will NOT use HTTP proxy
LogInit:  - bDontReuseConnections = false  - Libcurl will reuse connections
LogInit:  - CertBundlePath = nullptr  - Libcurl will use whatever was configured at build time.
LogInit: Build: ++UE4+Release-4.15-CL-3348071
LogInit: Engine Version: 4.15.1-3348071+++UE4+Release-4.15
LogInit: Compatible Engine Version: 4.15.0-3299760+++UE4+Release-4.15
LogInit: Net CL: 3299760
LogDevObjectVersion: Number of dev versions registered: 14
LogDevObjectVersion:   Dev-Blueprints (B0D832E4-1F89-4F0D-ACCF-7EB736FD4AA2): 8
LogDevObjectVersion:   Dev-Build (E1C64328-A22C-4D53-A36C-8E866417BD8C): 0
LogDevObjectVersion:   Dev-Core (375EC13C-06E4-48FB-B500-84F0262A717E): 2
LogDevObjectVersion:   Dev-Editor (E4B068ED-F494-42E9-A231-DA0B2E46BB41): 14
LogDevObjectVersion:   Dev-Framework (CFFC743F-43B0-4480-9391-14DF171D2073): 22
LogDevObjectVersion:   Dev-Mobile (B02B49B5-BB20-44E9-A304-32B752E40360): 0
LogDevObjectVersion:   Dev-Networking (A4E4105C-59A1-49B5-A7C5-40C4547EDFEE): 0
LogDevObjectVersion:   Dev-Online (39C831C9-5AE6-47DC-9A44-9C173E1C8E7C): 0
LogDevObjectVersion:   Dev-Physics (78F01B33-EBEA-4F98-B9B4-84EACCB95AA2): 0
LogDevObjectVersion:   Dev-Platform (6631380F-2D4D-43E0-8009-CF276956A95A): 0
LogDevObjectVersion:   Dev-Rendering (12F88B9F-8875-4AFC-A67C-D90C383ABD29): 12
LogDevObjectVersion:   Dev-Sequencer (7B5AE74C-D270-4C10-A958-57980B212A5A): 3
LogDevObjectVersion:   Dev-VR (D7296918-1DD6-4BDD-9DE2-64A83CC13884): 0
LogDevObjectVersion:   Dev-LoadTimes (C2A15278-BFE7-4AFE-6C17-90FF531DF755): 1
LogInit: Compiled (64-bit): Mar 15 2017 16:52:47
LogInit: Compiled with Visual C++: 19.00.23026.00
LogInit: Build Configuration: Development
LogInit: Branch Name: ++UE4+Release-4.15
LogInit: Command line: -EpicPortal 
LogInit: Base directory: C:/Program Files (x86)/Epic Games/4.15/Engine/Binaries/Win64/
LogInit: Installed Engine Build: 1
LogInit: Presizing for max 8388607 objects, including 0 objects not considered by GC, pre-allocating 0 bytes for permanent pool.
LogInit: Object subsystem initialized
[2017.04.12-17.12.42:636][  0]LogInit: Selected Device Profile: [Windows]
[2017.04.12-17.12.42:636][  0]LogInit: Applying CVar settings loaded from the selected device profile: [Windows]
[2017.04.12-17.12.42:655][  0]LogInit: Computer: SEA-8FE212
[2017.04.12-17.12.42:655][  0]LogInit: User: matthewdowling
[2017.04.12-17.12.42:655][  0]LogInit: CPU Page size=65536, Cores=4
[2017.04.12-17.12.42:655][  0]LogInit: High frequency timer resolution =3.515712 MHz
[2017.04.12-17.12.42:656][  0]LogMemory: Memory total: Physical=31.9GB (32GB approx)
[2017.04.12-17.12.42:656][  0]LogMemory: Platform Memory Stats for Windows
[2017.04.12-17.12.42:656][  0]LogMemory: Process Physical Memory: 265.50 MB used, 265.50 MB peak
[2017.04.12-17.12.42:656][  0]LogMemory: Process Virtual Memory: 266.40 MB used, 266.40 MB peak
[2017.04.12-17.12.42:656][  0]LogMemory: Physical Memory: 6051.93 MB used,  26635.39 MB free, 32687.31 MB total
[2017.04.12-17.12.42:656][  0]LogMemory: Virtual Memory: 633.78 MB used,  26635.39 MB free, 8388608.00 MB total
[2017.04.12-17.12.42:778][  0]LogTextLocalizationManager: No specific translations for ('en-US') exist, so ('en') translations will be used.
[2017.04.12-17.12.43:471][  0]LogD3D11RHI: D3D11 adapters:
[2017.04.12-17.12.43:484][  0]LogD3D11RHI:    0. 'NVIDIA GeForce GTX 770' (Feature Level 11_0)
[2017.04.12-17.12.43:484][  0]LogD3D11RHI:       1990/0/2048 MB DedicatedVideo/DedicatedSystem/SharedSystem, Outputs:2, VendorId:0x10de
[2017.04.12-17.12.43:484][  0]LogD3D11RHI: Chosen D3D11 Adapter: 0
[2017.04.12-17.12.43:488][  0]LogD3D11RHI: Creating new Direct3DDevice
[2017.04.12-17.12.43:488][  0]LogD3D11RHI:     GPU DeviceId: 0x1184 (for the marketing name, search the web for "GPU Device Id")
[2017.04.12-17.12.43:488][  0]LogWindows: EnumDisplayDevices:
[2017.04.12-17.12.43:488][  0]LogWindows:    0. 'NVIDIA GeForce GTX 770' (P:0 D:1)
[2017.04.12-17.12.43:488][  0]LogWindows:    1. 'NVIDIA GeForce GTX 770' (P:1 D:1)
[2017.04.12-17.12.43:488][  0]LogWindows:    2. 'NVIDIA GeForce GTX 770' (P:0 D:0)
[2017.04.12-17.12.43:488][  0]LogWindows:    3. 'NVIDIA GeForce GTX 770' (P:0 D:0)
[2017.04.12-17.12.43:488][  0]LogWindows:    4. 'RDPDD Chained DD' (P:0 D:0)
[2017.04.12-17.12.43:489][  0]LogWindows:    5. 'RDP Encoder Mirror Driver' (P:0 D:0)
[2017.04.12-17.12.43:489][  0]LogWindows:    6. 'RDP Reflector Display Driver' (P:0 D:0)
[2017.04.12-17.12.43:489][  0]LogWindows: DebugString: GetVideoDriverDetailsInvalid PrimaryIsNotTheChoosenAdapter GetVideoDriverDetailsInvalid PrimaryIsNotTheChoosenAdapter GetVideoDriverDetailsInvalid PrimaryIsNotTheChoosenAdapter FoundDriverCount:4 
[2017.04.12-17.12.43:489][  0]LogD3D11RHI:     Adapter Name: NVIDIA GeForce GTX 770
[2017.04.12-17.12.43:489][  0]LogD3D11RHI:   Driver Version: 353.82 (internal:10.18.13.5382, unified:353.82)
[2017.04.12-17.12.43:489][  0]LogD3D11RHI:      Driver Date: 8-7-2015
[2017.04.12-17.12.43:489][  0]LogRHI: Texture pool is 1361 MB (70% of 1945 MB)
[2017.04.12-17.12.43:496][  0]LogD3D11RHI:Warning: Timestamp queries are currently disabled on this hardware due to instability. Realtime GPU stats will not be available. You can override this behaviour by setting r.NVIDIATimestampWorkaround to 0
[2017.04.12-17.12.43:497][  0]LogD3D11RHI: NvAPI_D3D_GetCurrentSLIState failed: 0xfffffff7
[2017.04.12-17.12.43:497][  0]LogD3D11RHI: Async texture creation enabled
[2017.04.12-17.12.43:512][  0]LogD3D11RHI: GPU Timing Frequency: 1000.000000 (Debug: 2 2)
[2017.04.12-17.12.43:514][  0]LogShaderCompilers: Guid format shader working directory is -23 characters bigger than the processId version (../../../../../../Users/matthew.dowling/Desktop/GameProjects/UnrealAIAssessment/Intermediate/Shaders/WorkingDirectory/1360/).
[2017.04.12-17.12.43:515][  0]LogShaderCompilers: Cleaned the shader compiler working directory 'C:/Users/matthew.dowling/AppData/Local/Temp/UnrealShaderWorkingDir/64A2ECCF4FFB9C50E83DF79A833D5791/'.
[2017.04.12-17.12.43:515][  0]LogShaderCompilers:Display: Using Local Shader Compiler.
[2017.04.12-17.12.44:788][  0]LogTemp:Display: Loaded TP AllDesktopTargetPlatform
[2017.04.12-17.12.44:858][  0]LogTemp:Display: Loaded TP MacClientTargetPlatform
[2017.04.12-17.12.44:932][  0]LogTemp:Display: Loaded TP MacNoEditorTargetPlatform
[2017.04.12-17.12.45:002][  0]LogTemp:Display: Loaded TP MacServerTargetPlatform
[2017.04.12-17.12.45:080][  0]LogTemp:Display: Loaded TP MacTargetPlatform
[2017.04.12-17.12.45:152][  0]LogTemp:Display: Loaded TP WindowsClientTargetPlatform
[2017.04.12-17.12.45:231][  0]LogTemp:Display: Loaded TP WindowsNoEditorTargetPlatform
[2017.04.12-17.12.45:303][  0]LogTemp:Display: Loaded TP WindowsServerTargetPlatform
[2017.04.12-17.12.45:365][  0]LogTemp:Display: Loaded TP WindowsTargetPlatform
[2017.04.12-17.12.45:434][  0]LogTemp:Display: Loaded TP AndroidTargetPlatform
[2017.04.12-17.12.45:506][  0]LogTemp:Display: Loaded TP Android_ASTCTargetPlatform
[2017.04.12-17.12.45:578][  0]LogTemp:Display: Loaded TP Android_ATCTargetPlatform
[2017.04.12-17.12.45:652][  0]LogTemp:Display: Loaded TP Android_DXTTargetPlatform
[2017.04.12-17.12.45:724][  0]LogTemp:Display: Loaded TP Android_ETC1TargetPlatform
[2017.04.12-17.12.45:794][  0]LogTemp:Display: Loaded TP Android_ETC2TargetPlatform
[2017.04.12-17.12.45:936][  0]LogTemp:Display: Loaded TP Android_MultiTargetPlatform
[2017.04.12-17.12.45:936][  0]LogTemp:Display: Loaded TP Android_PVRTCTargetPlatform
[2017.04.12-17.12.45:990][  0]LogTemp:Display: Loaded TP HTML5TargetPlatform
[2017.04.12-17.12.46:106][  0]LogTemp:Display: Loaded TP IOSTargetPlatform
[2017.04.12-17.12.46:155][  0]LogTemp:Display: Loaded TP TVOSTargetPlatform
[2017.04.12-17.12.46:245][  0]LogTemp:Display: Loaded TP LinuxClientTargetPlatform
[2017.04.12-17.12.46:321][  0]LogTemp:Display: Loaded TP LinuxNoEditorTargetPlatform
[2017.04.12-17.12.46:390][  0]LogTemp:Display: Loaded TP LinuxServerTargetPlatform
[2017.04.12-17.12.46:457][  0]LogTemp:Display: Loaded TP LinuxTargetPlatform
[2017.04.12-17.12.46:458][  0]LogTargetPlatformManager:Display: Building Assets For Windows
[2017.04.12-17.12.47:021][  0]LogDerivedDataCache:Display: Max Cache Size: 512 MB
[2017.04.12-17.12.47:070][  0]LogDerivedDataCache: Loaded boot cache 0.05s 50MB C:/Users/matthew.dowling/AppData/Local/UnrealEngine/4.15/DerivedDataCache/Boot.ddc.
[2017.04.12-17.12.47:070][  0]LogDerivedDataCache:Display: Loaded Boot cache: C:/Users/matthew.dowling/AppData/Local/UnrealEngine/4.15/DerivedDataCache/Boot.ddc
[2017.04.12-17.12.47:070][  0]LogDerivedDataCache: FDerivedDataBackendGraph:  Pak pak cache file ../../../../../../Users/matthew.dowling/Desktop/GameProjects/UnrealAIAssessment/DerivedDataCache/DDC.ddp not found, will not use a pak cache.
[2017.04.12-17.12.47:070][  0]LogDerivedDataCache: Unable to find inner node Pak for hierarchical cache Hierarchy.
[2017.04.12-17.12.47:070][  0]LogDerivedDataCache: FDerivedDataBackendGraph:  CompressedPak pak cache file ../../../../../../Users/matthew.dowling/Desktop/GameProjects/UnrealAIAssessment/DerivedDataCache/Compressed.ddp not found, will not use a pak cache.
[2017.04.12-17.12.47:070][  0]LogDerivedDataCache: Unable to find inner node CompressedPak for hierarchical cache Hierarchy.
[2017.04.12-17.12.47:092][  0]LogDerivedDataCache:Display: Pak cache opened for reading ../../../Engine/DerivedDataCache/Compressed.ddp.
[2017.04.12-17.12.47:105][  0]LogDerivedDataCache: Using Local data cache path C:/Users/matthew.dowling/AppData/Local/UnrealEngine/Common/DerivedDataCache: Writable
[2017.04.12-17.12.47:117][  0]LogSlate: Using Freetype 2.6.0
[2017.04.12-17.12.47:118][  0]LogSlate: SlateFontCache - WITH_FREETYPE: 1, WITH_HARFBUZZ: 1
[2017.04.12-17.12.47:118][  0]LogSlate: SlateFontCache - WITH_FREETYPE: 1, WITH_HARFBUZZ: 1
[2017.04.12-17.12.47:481][  0]LogInit: Selected Device Profile: [Windows]
[2017.04.12-17.12.47:484][  0]LogContentStreaming: Texture pool size is 0.00 MB
[2017.04.12-17.12.47:763][  0]LogMeshUtilities: Using QuadricMeshReduction for automatic static mesh reduction
[2017.04.12-17.12.47:818][  0]LogSimplygon: Simplygon DLL not present - disabling.
[2017.04.12-17.12.47:877][  0]LogMeshUtilities: Using SimplygonSwarm for distributed automatic mesh merging
[2017.04.12-17.12.47:877][  0]LogMeshUtilities: No automatic skeletal mesh reduction module available
[2017.04.12-17.12.47:877][  0]LogMeshUtilities: No automatic mesh merging module available
[2017.04.12-17.12.48:452][  0]LogNetVersion: GetLocalNetworkVersion: CL: 3299760, ProjectName: unrealaiassessment, ProjectVersion: , EngineNetworkVersion: 2, GameNetworkVersion: 0, NetworkChecksum: 4188920862
[2017.04.12-17.12.48:503][  0]LogAssetRegistry: FAssetRegistry took 0.0203 seconds to start up
[2017.04.12-17.12.48:574][  0]LogPackageLocalizationCache: Processed 3 localized package path(s) for 2 prioritized culture(s) in 0.042005 seconds
[2017.04.12-17.12.48:579][  0]LogUObjectArray: 32493 objects as part of root set at end of initial load.
[2017.04.12-17.12.48:579][  0]LogUObjectAllocator: 7077024 out of 0 bytes used by permanent object pool.
[2017.04.12-17.12.48:579][  0]LogUObjectArray: CloseDisregardForGC: 0/0 objects in disregard for GC pool
[2017.04.12-17.12.48:670][  0]LogInit: WinSock: version 1.1 (2.2), MaxSocks=32767, MaxUdp=65467
[2017.04.12-17.12.50:801][  0]LogTcpMessaging: Initializing TcpMessaging bridge
[2017.04.12-17.12.50:846][  0]LogUdpMessaging: Initializing bridge on interface 0.0.0.0:0 to multicast group 230.0.0.1:6666.
[2017.04.12-17.12.51:429][  0]LogMaterial: Uniform references updated for custom material expression Custom.
[2017.04.12-17.12.51:938][  0]SourceControl: Info Source control is disabled
[2017.04.12-17.12.51:971][  0]SourceControl: Info Source control is disabled
[2017.04.12-17.12.52:034][  0]SourceControl: Info Source control is disabled
[2017.04.12-17.12.52:094][  0]SourceControl: Info Source control is disabled
[2017.04.12-17.12.53:712][  0]LogEngine: Initializing Engine...
[2017.04.12-17.12.53:713][  0]LogHMD: Failed to initialize OpenVR with code 110
[2017.04.12-17.12.54:010][  0]LogAIModule: Creating AISystem for world Untitled
[2017.04.12-17.12.54:021][  0]LogInit: XAudio2 using 'Digital Audio (S/PDIF) (High Definition Audio Device)' : 2 channels at 44.1 kHz using 16 bits per sample (channel mask 0x3)
[2017.04.12-17.12.54:029][  0]LogInit: FAudioDevice initialized.
[2017.04.12-17.12.54:054][  0]LogDerivedDataCache: Saved boot cache 0.03s 50MB C:/Users/matthew.dowling/AppData/Local/UnrealEngine/4.15/DerivedDataCache/Boot.ddc.
[2017.04.12-17.12.54:062][  0]LogInit: Texture streaming: Enabled
[2017.04.12-17.12.54:190][  0]LogEngineSessionManager: EngineSessionManager initialized
[2017.04.12-17.12.54:302][  0]LogInit: Transaction tracking system initialized
[2017.04.12-17.12.54:765][  0]BlueprintLog: New page: Editor Load
[2017.04.12-17.12.55:982][  0]LocalizationService: Info Localization service is disabled
[2017.04.12-17.12.56:967][  0]LogConsoleResponse:Display: 
[2017.04.12-17.12.57:112][  0]LogCook:Display: Max memory allowance for cook 16384mb min free memory 0mb
[2017.04.12-17.12.57:112][  0]LogCook:Display: Mobile HDR setting 1
[2017.04.12-17.12.57:303][  0]LogFileCache: Scanning file cache for directory 'C:/Users/matthew.dowling/Desktop/GameProjects/UnrealAIAssessment/Content/' took 0.01s
[2017.04.12-17.12.58:436][  0]SourceControl: Info Source control is disabled
[2017.04.12-17.12.58:513][  0]LogSlate: Took 0.000270 seconds to synchronously load lazily loaded font '../../../Engine/Content/Slate/Fonts/Roboto-Regular.ttf' (155K)
[2017.04.12-17.13.05:631][  0]Cmd: MAP LOAD FILE="../../../../../../Users/matthew.dowling/Desktop/GameProjects/UnrealAIAssessment/Content/StarterContent/Maps/Minimal_Default.umap" TEMPLATE=0 SHOWPROGRESS=1 FEATURELEVEL=3
[2017.04.12-17.13.05:631][  0]LightingResults: New page: Lighting Build
[2017.04.12-17.13.05:684][  0]MapCheck: New page: Map Check
[2017.04.12-17.13.05:684][  0]LightingResults: New page: Lighting Build
[2017.04.12-17.13.06:201][  0]LogAIModule: Creating AISystem for world Minimal_Default
[2017.04.12-17.13.06:233][  0]LogEditorServer: Finished looking for orphan Actors (0.000 secs)
[2017.04.12-17.13.06:233][  0]Cmd: MAP CHECKDEP NOCLEARLOG
[2017.04.12-17.13.06:290][  0]MapCheck: Info Map check complete: 0 Error(s), 0 Warning(s), took 56.68ms to complete.
[2017.04.12-17.13.06:290][  0]LogFileHelpers: Loading map 'Minimal_Default' took 0.660
[2017.04.12-17.13.06:427][  0]LogStats:Warning: MetaData mismatch. Did you assign a stat to two groups? New //STATGROUP_Threads//SplashScreenThread///Thread_1bf0_0///####STATCAT_Advanced#### old //STATGROUP_Threads//SplashScreenThread///Thread_1eac_0///####STATCAT_Advanced####
[2017.04.12-17.13.06:427][  0]LogCollectionManager: Loaded 0 collections in 0.001497 seconds
[2017.04.12-17.13.06:520][  0]LogFileCache: Scanning file cache for directory 'C:/Users/matthew.dowling/Desktop/GameProjects/UnrealAIAssessment/Saved/Collections/' took 0.01s
[2017.04.12-17.13.06:520][  0]LogFileCache: Scanning file cache for directory 'C:/Users/matthew.dowling/Desktop/GameProjects/UnrealAIAssessment/Content/Developers/matthewdowling/Collections/' took 0.01s
[2017.04.12-17.13.06:520][  0]LogFileCache: Scanning file cache for directory 'C:/Users/matthew.dowling/Desktop/GameProjects/UnrealAIAssessment/Content/Collections/' took 0.01s
[2017.04.12-17.13.06:520][  0]LogCollectionManager: Rebuilt the GUID cache for 0 collections in 0.000002 seconds
[2017.04.12-17.13.06:529][  0]LogContentBrowser: Native class hierarchy populated in 0.0090 seconds. Added 2245 classes and 453 folders.
[2017.04.12-17.13.06:532][  0]LogStats: UGameplayTagsManager::ConstructGameplayTagTree: Construct from data asset -  0.000 s
[2017.04.12-17.13.06:532][  0]LogStats: UGameplayTagsManager::ConstructGameplayTagTree: GameplayTagTreeChangedEvent.Broadcast -  0.000 s
[2017.04.12-17.13.06:611][  0]LogContentBrowser: Native class hierarchy updated for 'WidgetCarousel' in 0.0005 seconds. Added 0 classes and 0 folders.
[2017.04.12-17.13.06:652][  0]LogContentBrowser: Native class hierarchy updated for 'AddContentDialog' in 0.0005 seconds. Added 0 classes and 0 folders.
[2017.04.12-17.13.06:706][  0]LogContentBrowser: Native class hierarchy updated for 'SceneOutliner' in 0.0006 seconds. Added 1 classes and 2 folders.
[2017.04.12-17.13.06:761][  0]LogCrashTracker: Crashtracker disabled due to settings.
[2017.04.12-17.13.06:765][  0]LogUObjectGlobals:Warning: Failed to find object 'Class None.'
[2017.04.12-17.13.06:838][  0]LogContentBrowser: Native class hierarchy updated for 'HierarchicalLODOutliner' in 0.0006 seconds. Added 1 classes and 2 folders.
[2017.04.12-17.13.06:839][  0]LogLoad: (Engine Initialization) Total time: 26.85 seconds
[2017.04.12-17.13.06:839][  0]LogLoad: (Engine Initialization) Total Blueprint compile time: 0.11 seconds
[2017.04.12-17.13.06:839][  0]LogExternalProfiler: Found external profiler: VSPerf
[2017.04.12-17.13.06:839][  0]LogExternalProfiler: Using external profiler: VSPerf
[2017.04.12-17.13.06:847][  0]LogOcInput: OculusInput pre-init called
[2017.04.12-17.13.06:869][  0]LogContentStreaming: Texture pool size now 1000 MB
[2017.04.12-17.13.06:872][  0]LogSlate: Took 0.000349 seconds to synchronously load lazily loaded font '../../../Engine/Content/Slate/Fonts/Roboto-Bold.ttf' (160K)
[2017.04.12-17.13.06:878][  0]LogSlate: Took 0.000219 seconds to synchronously load lazily loaded font '../../../Engine/Content/Editor/Slate/Fonts/FontAwesome.ttf' (139K)
[2017.04.12-17.13.07:015][  0]LogSlate: Took 0.000223 seconds to synchronously load lazily loaded font '../../../Engine/Content/Slate/Fonts/Roboto-Light.ttf' (159K)
[2017.04.12-17.13.07:074][  1]LogRenderer: Reallocating scene render targets to support 816x372 NumSamples 1 (Frame:2).
[2017.04.12-17.13.07:171][  1]LogAssetRegistry: Asset discovery search completed in 18.6899 seconds
[2017.04.12-17.13.07:171][  1]LogCollectionManager: Rebuilt the object cache for 0 collections in 0.000004 seconds (found 0 objects)
[2017.04.12-17.13.07:172][  1]LogCollectionManager: Fixed up redirectors for 0 collections in 0.000026 seconds (updated 0 objects)
[2017.04.12-17.13.07:888][ 64]LogSlate: Took 0.000423 seconds to synchronously load lazily loaded font '../../../Engine/Content/Slate/Fonts/Roboto-Light.ttf' (159K)
[2017.04.12-17.13.09:388][216]LogRenderer: Reallocating scene render targets to support 1208x576 NumSamples 1 (Frame:206).
[2017.04.12-17.13.14:688][802]LogEditorViewport: Clicking on Actor (LMB): StaticMeshActor (Floor)
[2017.04.12-17.13.15:445][874]LogEditorViewport: Clicking on Actor (LMB): StaticMeshActor (Floor)
[2017.04.12-17.13.15:959][930]LogEditorViewport: Clicking on Actor (LMB): Character (Character)
[2017.04.12-17.13.23:420][663]LogSlate: Took 0.000203 seconds to synchronously load lazily loaded font '../../../Engine/Content/Slate/Fonts/Roboto-Light.ttf' (159K)
[2017.04.12-17.13.23:555][663]LogContentBrowser: Native class hierarchy updated for 'SkeletonEditor' in 0.0007 seconds. Added 1 classes and 2 folders.
[2017.04.12-17.13.23:697][663]LogActorComponent: RegisterComponentWithWorld: (/Engine/Transient.World_3:PersistentLevel.Actor_0.DebugSkelMeshComponent_0) Already registered. Aborting.
[2017.04.12-17.13.23:747][663]LogSkeletalMesh: USkeletalMeshComponent::InitArticulated : Bodies already created (/Engine/Transient.World_3:PersistentLevel.Actor_0.DebugSkelMeshComponent_0) - call TermArticulated first.
[2017.04.12-17.13.23:870][663]LogSlate: Took 0.000274 seconds to synchronously load lazily loaded font '../../../Engine/Content/Editor/Slate/Fonts/Roboto-Italic.ttf' (157K)
[2017.04.12-17.13.23:922][663]LogRenderer: Reallocating scene render targets to support 1208x928 NumSamples 1 (Frame:1690).
[2017.04.12-17.14.04:660][120]LogEditorViewport: Clicking on Actor (LMB): Character (Character)
[2017.04.12-17.14.05:466][172]LogEditorViewport: Clicking on Actor (LMB): Character (Character)
[2017.04.12-17.14.16:138][766]LogActorComponent: RegisterComponentWithWorld: (/Engine/Transient.World_4:PersistentLevel.Actor_1.DebugSkelMeshComponent_1) Already registered. Aborting.
[2017.04.12-17.14.16:169][766]LogSkeletalMesh: USkeletalMeshComponent::InitArticulated : Bodies already created (/Engine/Transient.World_4:PersistentLevel.Actor_1.DebugSkelMeshComponent_1) - call TermArticulated first.
[2017.04.12-17.14.41:134][449]LogEditorViewport: Clicking on Component (LMB): SkeletalMeshComponent (CharacterMesh0)
[2017.04.12-17.15.08:062][380]LogEditorViewport: Clicking on Component (LMB): SkeletalMeshComponent (CharacterMesh0)
[2017.04.12-17.15.08:149][388]LogEditorViewport: Clicking on Actor (double click): Character (Character)
[2017.04.12-17.15.22:170][690]LogEditorViewport: Clicking on Actor (LMB): BP_Sky_Sphere_C (BP_Sky_Sphere)
[2017.04.12-17.15.23:430][800]LogEditorViewport: Clicking on Actor (LMB): Character (Character)
[2017.04.12-17.15.34:192][500]LogEditorViewport: Clicking on Actor (LMB): Character (Character)
[2017.04.12-17.15.35:018][546]LogEditorViewport: Clicking on Actor (context menu): Character (Character)
[2017.04.12-17.16.14:423][402]LogWindows: LaunchURL http://docs.unrealengine.com/latest/INT/index.html?utm_source=editor&utm_medium=docs&utm_campaign=help_menu
[2017.04.12-17.16.29:538][719]LogContentBrowser: Native class hierarchy updated for 'BlueprintGraph' in 0.0011 seconds. Added 112 classes and 0 folders.
[2017.04.12-17.16.49:029][735]LogMaterial: Missing cached shader map for material M_UE4Man_Body, compiling. 
[2017.04.12-17.16.49:033][735]LogTemp:Display: Added material ShaderMap 0x0000000084B82E80 with Material 0x0000000041DFC180 to ShaderMapsBeingCompiled
[2017.04.12-17.16.49:136][735]LogTemp:Display: Kicking off shader compilation for M_UE4Man_Body, GameThreadShaderMap 0x0000000084B82E80
[2017.04.12-17.16.49:243][735]LogMaterial: Missing cached shader map for material M_UE4Man_Body, compiling. 
[2017.04.12-17.16.49:246][735]LogTemp:Display: Added material ShaderMap 0x00000000A9C38480 with Material 0x0000000041DFC180 to ShaderMapsBeingCompiled
[2017.04.12-17.16.49:318][735]LogTemp:Display: Kicking off shader compilation for M_UE4Man_Body, GameThreadShaderMap 0x00000000A9C38480
[2017.04.12-17.16.49:318][735]LogMaterial: 0.00 seconds spent updating 1 materials, 1 interfaces, 0 instances, 0 with static permutations.
[2017.04.12-17.16.49:342][735]LogMaterial: Missing cached shader map for material FMatExpressionPreview MaterialExpressionTextureSample_4, compiling. 
[2017.04.12-17.16.49:343][735]LogTemp:Display: Added material ShaderMap 0x00000000AA168480 with Material 0x00000000AA177A00 to ShaderMapsBeingCompiled
[2017.04.12-17.16.49:346][735]LogTemp:Display: Kicking off shader compilation for FMatExpressionPreview MaterialExpressionTextureSample_4, GameThreadShaderMap 0x00000000AA168480
[2017.04.12-17.16.49:347][735]LogMaterial: Missing cached shader map for material FMatExpressionPreview MaterialExpressionVectorParameter_3, compiling. 
[2017.04.12-17.16.49:348][735]LogTemp:Display: Added material ShaderMap 0x0000000081B51D00 with Material 0x00000000AA175900 to ShaderMapsBeingCompiled
[2017.04.12-17.16.49:351][735]LogTemp:Display: Kicking off shader compilation for FMatExpressionPreview MaterialExpressionVectorParameter_3, GameThreadShaderMap 0x0000000081B51D00
[2017.04.12-17.16.49:353][735]LogMaterial: Missing cached shader map for material FMatExpressionPreview MaterialExpressionTextureSampleParameter2D_0, compiling. 
[2017.04.12-17.16.49:354][735]LogTemp:Display: Added material ShaderMap 0x0000000081B50800 with Material 0x00000000AA174D00 to ShaderMapsBeingCompiled
[2017.04.12-17.16.49:357][735]LogTemp:Display: Kicking off shader compilation for FMatExpressionPreview MaterialExpressionTextureSampleParameter2D_0, GameThreadShaderMap 0x0000000081B50800
[2017.04.12-17.16.49:364][735]LogSlate: Took 0.000219 seconds to synchronously load lazily loaded font '../../../Engine/Content/Editor/Slate/Fonts/Roboto-BoldCondensed.ttf' (158K)
[2017.04.12-17.16.55:738][902]LogMaterial: Missing cached shader map for material M_UE4Man_Body, compiling. 
[2017.04.12-17.16.55:745][902]LogTemp:Display: Added material ShaderMap 0x00000000AB838800 with Material 0x0000000041DFC180 to ShaderMapsBeingCompiled
[2017.04.12-17.16.55:888][902]LogTemp:Display: Kicking off shader compilation for M_UE4Man_Body, GameThreadShaderMap 0x00000000AB838800
[2017.04.12-17.16.55:888][902]LogMaterial: 0.00 seconds spent updating 1 materials, 1 interfaces, 0 instances, 0 with static permutations.
[2017.04.12-17.16.55:892][902]LogTemp:Display: Removed shader map 0x0000000081B51D00 from material 0x00000000AA175900
[2017.04.12-17.16.55:915][902]LogMaterial: Missing cached shader map for material FMatExpressionPreview MaterialExpressionVectorParameter_3, compiling. 
[2017.04.12-17.16.55:916][902]LogTemp:Display: Added material ShaderMap 0x00000000AE9B4100 with Material 0x00000000AE9F7A00 to ShaderMapsBeingCompiled
[2017.04.12-17.16.55:922][902]LogTemp:Display: Kicking off shader compilation for FMatExpressionPreview MaterialExpressionVectorParameter_3, GameThreadShaderMap 0x00000000AE9B4100
[2017.04.12-17.16.56:012][904]LogTemp:Display: Finished compile of shader map 0x00000000A9C38480
[2017.04.12-17.16.56:012][904]LogTemp:Display: Shader map M_UE4Man_Body complete, GameThreadShaderMap 0x00000000A9C38480, marking material M_UE4Man_Body as finished
[2017.04.12-17.16.56:012][904]LogTemp:Display: Marking material as finished 0x0000000041DFC180
[2017.04.12-17.16.56:082][906]LogTemp:Display: Finished compile of shader map 0x00000000AA168480
[2017.04.12-17.16.56:082][906]LogTemp:Display: Shader map FMatExpressionPreview MaterialExpressionTextureSample_4 complete, GameThreadShaderMap 0x00000000AA168480, marking material FMatExpressionPreview MaterialExpressionTextureSample_4 as finished
[2017.04.12-17.16.56:082][906]LogTemp:Display: Marking material as finished 0x00000000AA177A00
[2017.04.12-17.16.56:240][910]LogTemp:Display: Finished compile of shader map 0x0000000081B51D00
[2017.04.12-17.16.56:345][913]LogTemp:Display: Finished compile of shader map 0x0000000081B50800
[2017.04.12-17.16.56:345][913]LogTemp:Display: Shader map FMatExpressionPreview MaterialExpressionTextureSampleParameter2D_0 complete, GameThreadShaderMap 0x0000000081B50800, marking material FMatExpressionPreview MaterialExpressionTextureSampleParameter2D_0 as finished
[2017.04.12-17.16.56:345][913]LogTemp:Display: Marking material as finished 0x00000000AA174D00
[2017.04.12-17.16.56:984][931]LogMaterial: Missing cached shader map for material M_UE4Man_Body, compiling. 
[2017.04.12-17.16.56:993][931]LogTemp:Display: Added material ShaderMap 0x00000000AF68F900 with Material 0x0000000041DFC180 to ShaderMapsBeingCompiled
[2017.04.12-17.16.57:127][931]LogTemp:Display: Kicking off shader compilation for M_UE4Man_Body, GameThreadShaderMap 0x00000000AF68F900
[2017.04.12-17.16.57:128][931]LogMaterial: 0.00 seconds spent updating 1 materials, 1 interfaces, 0 instances, 0 with static permutations.
[2017.04.12-17.16.57:135][931]LogTemp:Display: Removed shader map 0x00000000AE9B4100 from material 0x00000000AE9F7A00
[2017.04.12-17.16.57:157][931]LogMaterial: Missing cached shader map for material FMatExpressionPreview MaterialExpressionVectorParameter_3, compiling. 
[2017.04.12-17.16.57:159][931]LogTemp:Display: Added material ShaderMap 0x00000000B027CB80 with Material 0x00000000B02EBA00 to ShaderMapsBeingCompiled
[2017.04.12-17.16.57:163][931]LogTemp:Display: Kicking off shader compilation for FMatExpressionPreview MaterialExpressionVectorParameter_3, GameThreadShaderMap 0x00000000B027CB80
[2017.04.12-17.16.57:167][931]LogTemp:Display: Finished compile of shader map 0x00000000AB838800
[2017.04.12-17.16.57:167][931]LogTemp:Display: Shader map M_UE4Man_Body complete, GameThreadShaderMap 0x00000000AB838800, marking material M_UE4Man_Body as finished
[2017.04.12-17.16.57:167][931]LogTemp:Display: Marking material as finished 0x0000000041DFC180
[2017.04.12-17.16.57:381][937]LogTemp:Display: Finished compile of shader map 0x00000000AE9B4100
[2017.04.12-17.17.05:355][165]LogTemp:Display: Finished compile of shader map 0x00000000B027CB80
[2017.04.12-17.17.05:355][165]LogTemp:Display: Shader map FMatExpressionPreview MaterialExpressionVectorParameter_3 complete, GameThreadShaderMap 0x00000000B027CB80, marking material FMatExpressionPreview MaterialExpressionVectorParameter_3 as finished
[2017.04.12-17.17.05:355][165]LogTemp:Display: Marking material as finished 0x00000000B02EBA00
[2017.04.12-17.17.05:470][169]LogTemp:Display: Finished compile of shader map 0x00000000AF68F900
[2017.04.12-17.17.05:470][169]LogTemp:Display: Shader map M_UE4Man_Body complete, GameThreadShaderMap 0x00000000AF68F900, marking material M_UE4Man_Body as finished
[2017.04.12-17.17.05:470][169]LogTemp:Display: Marking material as finished 0x0000000041DFC180
[2017.04.12-17.17.05:495][170]MaterialEditorStats: Info Base pass shader with only dynamic lighting: 94 instructions
[2017.04.12-17.17.05:495][170]MaterialEditorStats: Info Vertex shader: 31 instructions
[2017.04.12-17.17.05:495][170]MaterialEditorStats: Info Texture samplers: 3/16
[2017.04.12-17.17.08:761][364]LogMaterialEditor: Saving and Compiling material M_UE4Man_Body
[2017.04.12-17.17.09:543][364]LogMaterial: Missing cached shader map for material M_UE4Man_Body, compiling. 
[2017.04.12-17.17.09:547][364]LogTemp:Display: Added material ShaderMap 0x00000000ABE66400 with Material 0x0000000041DFC180 to ShaderMapsBeingCompiled
[2017.04.12-17.17.09:652][364]LogTemp:Display: Kicking off shader compilation for M_UE4Man_Body, GameThreadShaderMap 0x00000000ABE66400
[2017.04.12-17.17.09:652][364]LogMaterial: 0.00 seconds spent updating 1 materials, 1 interfaces, 0 instances, 0 with static permutations.
[2017.04.12-17.17.09:758][364]LogMaterial: Missing cached shader map for material M_UE4Man_Body, compiling. 
[2017.04.12-17.17.09:763][364]LogTemp:Display: Added material ShaderMap 0x00000000AF2C3900 with Material 0x00000000AB537100 to ShaderMapsBeingCompiled
[2017.04.12-17.17.09:954][364]LogTemp:Display: Kicking off shader compilation for M_UE4Man_Body, GameThreadShaderMap 0x00000000AF2C3900
[2017.04.12-17.17.09:965][364]LogMaterial: Missing cached shader map for material M_UE4Man_Body, compiling. 
[2017.04.12-17.17.09:972][364]LogTemp:Display: Added material ShaderMap 0x00000000B0E6CB80 with Material 0x00000000AB537100 to ShaderMapsBeingCompiled
[2017.04.12-17.17.10:162][364]LogTemp:Display: Kicking off shader compilation for M_UE4Man_Body, GameThreadShaderMap 0x00000000B0E6CB80
[2017.04.12-17.17.10:168][364]LogMaterial: Missing cached shader map for material M_UE4Man_Body, compiling. 
[2017.04.12-17.17.10:171][364]LogTemp:Display: Added material ShaderMap 0x00000000B221E080 with Material 0x000000005B1DEB00 to ShaderMapsBeingCompiled
[2017.04.12-17.17.10:368][364]LogTemp:Display: Kicking off shader compilation for M_UE4Man_Body, GameThreadShaderMap 0x00000000B221E080
[2017.04.12-17.17.10:373][364]LogMaterial: 0.21 seconds spent updating 1 materials, 1 interfaces, 0 instances, 1 with static permutations.
[2017.04.12-17.17.10:432][364]LogMaterial: Missing cached shader map for material FDebugViewModeMaterialProxy M_UE4Man_Body, compiling. 
[2017.04.12-17.17.10:440][364]LogTemp:Display: Added material ShaderMap 0x00000000B310F200 with Material 0x00000000B320CD00 to ShaderMapsBeingCompiled
[2017.04.12-17.17.16:679][364]LogTemp:Display: Finished compile of shader map 0x00000000B310F200
[2017.04.12-17.17.16:679][364]LogTemp:Display: Shader map FDebugViewModeMaterialProxy M_UE4Man_Body complete, GameThreadShaderMap 0x00000000B310F200, marking material FDebugViewModeMaterialProxy M_UE4Man_Body as finished
[2017.04.12-17.17.16:679][364]LogTemp:Display: Marking material as finished 0x00000000B320CD00
[2017.04.12-17.17.16:686][364]TextureStreamingBuild:Display: Compiling optional shaders took 6.269 seconds.
[2017.04.12-17.17.26:917][364]LogTemp:Display: Finished compile of shader map 0x00000000B0E6CB80
[2017.04.12-17.17.26:917][364]LogTemp:Display: Shader map M_UE4Man_Body complete, GameThreadShaderMap 0x00000000B0E6CB80, marking material M_UE4Man_Body as finished
[2017.04.12-17.17.26:917][364]LogTemp:Display: Marking material as finished 0x00000000AB537100
[2017.04.12-17.17.26:932][364]LogSlate: Took 0.000413 seconds to synchronously load lazily loaded font '../../../Engine/Content/Slate/Fonts/Roboto-Regular.ttf' (155K)
[2017.04.12-17.17.26:944][364]LogTemp:Display: Finished compile of shader map 0x00000000ABE66400
[2017.04.12-17.17.26:944][364]LogTemp:Display: Shader map M_UE4Man_Body complete, GameThreadShaderMap 0x00000000ABE66400, marking material M_UE4Man_Body as finished
[2017.04.12-17.17.26:944][364]LogTemp:Display: Marking material as finished 0x0000000041DFC180
[2017.04.12-17.17.27:098][364]LogSavePackage: Save=48.15ms
[2017.04.12-17.17.27:098][364]LogSavePackage: Moving '../../../../../../Users/matthew.dowling/Desktop/GameProjects/UnrealAIAssessment/Saved/M_UE4Man_BodyFF8FC2D24BC8AF2F2D9AF58CBBB94C89.tmp' to '../../../../../../Users/matthew.dowling/Desktop/GameProjects/UnrealAIAssessment/Content/Mannequin/Character/Materials/M_UE4Man_Body.uasset'
[2017.04.12-17.17.27:111][364]LogSavePackage:Display: Finished SavePackage ../../../../../../Users/matthew.dowling/Desktop/GameProjects/UnrealAIAssessment/Content/Mannequin/Character/Materials/M_UE4Man_Body.uasset
[2017.04.12-17.17.27:120][364]MaterialEditorStats: Info Base pass shader with only dynamic lighting: 94 instructions
[2017.04.12-17.17.27:120][364]MaterialEditorStats: Info Vertex shader: 31 instructions
[2017.04.12-17.17.27:120][364]MaterialEditorStats: Info Texture samplers: 4/16
[2017.04.12-17.17.29:621][432]LogEditorViewport: Clicking on Actor (LMB): BP_Sky_Sphere_C (BP_Sky_Sphere)
[2017.04.12-17.17.30:795][464]LogEditorViewport: Clicking on Actor (LMB): Character_Blueprint_C (Character_Blueprint)
[2017.04.12-17.17.34:611][579]LogTemp:Display: Finished compile of shader map 0x00000000B221E080
[2017.04.12-17.17.34:611][579]LogTemp:Display: Shader map M_UE4Man_Body complete, GameThreadShaderMap 0x00000000B221E080, marking material M_UE4Man_Body as finished
[2017.04.12-17.17.34:611][579]LogTemp:Display: Marking material as finished 0x000000005B1DEB00
[2017.04.12-17.17.41:464][973]LogSlate:Warning: Prevented a slow task dialog from being summoned while a context menu was open
[2017.04.12-17.17.46:735][315]LogSlate:Warning: Prevented a slow task dialog from being summoned while a context menu was open
[2017.04.12-17.18.02:755][241]BlueprintLog: New page: Compile Character_Blueprint
[2017.04.12-17.18.03:410][241]LogSavePackage: Save=34.85ms
[2017.04.12-17.18.03:410][241]LogSavePackage: Moving '../../../../../../Users/matthew.dowling/Desktop/GameProjects/UnrealAIAssessment/Saved/Character_BlueprintEB3E0BA946AC10F6FF2C018BC5225627.tmp' to '../../../../../../Users/matthew.dowling/Desktop/GameProjects/UnrealAIAssessment/Content/Blueprints/Character_Blueprint.uasset'
[2017.04.12-17.18.03:433][241]LogSavePackage:Display: Finished SavePackage ../../../../../../Users/matthew.dowling/Desktop/GameProjects/UnrealAIAssessment/Content/Blueprints/Character_Blueprint.uasset
[2017.04.12-17.21.34:112][651]MapCheck: New page: Map Check
[2017.04.12-17.21.34:146][651]Cmd: MAP REBUILD ALLVISIBLE
[2017.04.12-17.21.34:146][651]LogEditorServer: Rebuildmap Clear paths rebuilt
[2017.04.12-17.21.34:654][651]LogEditorServer: Cleared 7 NULL BSP materials after rebuild.
[2017.04.12-17.21.34:768][651]LogMaterial: Missing cached shader map for material FDebugViewModeMaterialProxy WorldGridMaterial, compiling. Is special engine material.
[2017.04.12-17.21.34:769][651]LogTemp:Display: Added material ShaderMap 0x0000000034616080 with Material 0x0000000025E45300 to ShaderMapsBeingCompiled
[2017.04.12-17.21.34:772][651]LogTemp:Display: Kicking off shader compilation for FDebugViewModeMaterialProxy WorldGridMaterial, GameThreadShaderMap 0x0000000034616080
[2017.04.12-17.21.34:776][651]LogMaterial: Missing cached shader map for material FDebugViewModeMaterialProxy M_Ground_Grass, compiling. 
[2017.04.12-17.21.34:777][651]LogTemp:Display: Added material ShaderMap 0x0000000034616780 with Material 0x0000000025E44400 to ShaderMapsBeingCompiled
[2017.04.12-17.21.34:779][651]LogTemp:Display: Kicking off shader compilation for FDebugViewModeMaterialProxy M_Ground_Grass, GameThreadShaderMap 0x0000000034616780
[2017.04.12-17.21.34:782][651]LogMaterial: Missing cached shader map for material FDebugViewModeMaterialProxy MaterialInstanceDynamic_1, compiling. 
[2017.04.12-17.21.34:783][651]LogTemp:Display: Added material ShaderMap 0x0000000034616400 with Material 0x0000000025E45C00 to ShaderMapsBeingCompiled
[2017.04.12-17.21.34:785][651]LogTemp:Display: Kicking off shader compilation for FDebugViewModeMaterialProxy MaterialInstanceDynamic_1, GameThreadShaderMap 0x0000000034616400
[2017.04.12-17.21.34:789][651]LogMaterial: Missing cached shader map for material FDebugViewModeMaterialProxy M_CobbleStone_Smooth, compiling. 
[2017.04.12-17.21.34:793][651]LogTemp:Display: Added material ShaderMap 0x0000000034616B00 with Material 0x0000000025E44A00 to ShaderMapsBeingCompiled
[2017.04.12-17.21.34:796][651]LogTemp:Display: Kicking off shader compilation for FDebugViewModeMaterialProxy M_CobbleStone_Smooth, GameThreadShaderMap 0x0000000034616B00
[2017.04.12-17.21.34:799][651]LogMaterial: Missing cached shader map for material FDebugViewModeMaterialProxy M_Wood_Walnut, compiling. 
[2017.04.12-17.21.34:801][651]LogTemp:Display: Added material ShaderMap 0x000000009CC37580 with Material 0x000000009AECDF00 to ShaderMapsBeingCompiled
[2017.04.12-17.21.34:804][651]LogTemp:Display: Kicking off shader compilation for FDebugViewModeMaterialProxy M_Wood_Walnut, GameThreadShaderMap 0x000000009CC37580
[2017.04.12-17.21.34:821][651]LogMaterial: Missing cached shader map for material FDebugViewModeMaterialProxy M_Glass, compiling. 
[2017.04.12-17.21.34:823][651]LogTemp:Display: Added material ShaderMap 0x000000009CC36780 with Material 0x000000009AECE800 to ShaderMapsBeingCompiled
[2017.04.12-17.21.34:829][651]LogTemp:Display: Kicking off shader compilation for FDebugViewModeMaterialProxy M_Glass, GameThreadShaderMap 0x000000009CC36780
[2017.04.12-17.21.34:837][651]LogMaterial: Missing cached shader map for material FDebugViewModeMaterialProxy M_Wood_Floor_Walnut_Worn, compiling. 
[2017.04.12-17.21.34:839][651]LogTemp:Display: Added material ShaderMap 0x000000009CC37200 with Material 0x000000009AECF400 to ShaderMapsBeingCompiled
[2017.04.12-17.21.34:843][651]LogTemp:Display: Kicking off shader compilation for FDebugViewModeMaterialProxy M_Wood_Floor_Walnut_Worn, GameThreadShaderMap 0x000000009CC37200
[2017.04.12-17.21.34:848][651]LogMaterial: Missing cached shader map for material FDebugViewModeMaterialProxy M_Ceramic_Tile_Checker, compiling. 
[2017.04.12-17.21.34:850][651]LogTemp:Display: Added material ShaderMap 0x00000000A1DBFC80 with Material 0x000000005B30DC00 to ShaderMapsBeingCompiled
[2017.04.12-17.21.34:853][651]LogTemp:Display: Kicking off shader compilation for FDebugViewModeMaterialProxy M_Ceramic_Tile_Checker, GameThreadShaderMap 0x00000000A1DBFC80
[2017.04.12-17.21.34:859][651]LogMaterial: Missing cached shader map for material FDebugViewModeMaterialProxy M_Frame, compiling. 
[2017.04.12-17.21.34:860][651]LogTemp:Display: Added material ShaderMap 0x00000000A1DBE080 with Material 0x000000005B30F400 to ShaderMapsBeingCompiled
[2017.04.12-17.21.34:864][651]LogTemp:Display: Kicking off shader compilation for FDebugViewModeMaterialProxy M_Frame, GameThreadShaderMap 0x00000000A1DBE080
[2017.04.12-17.21.34:869][651]LogMaterial: Missing cached shader map for material FDebugViewModeMaterialProxy M_Door, compiling. 
[2017.04.12-17.21.34:870][651]LogTemp:Display: Added material ShaderMap 0x00000000A1DBD980 with Material 0x000000005B30F100 to ShaderMapsBeingCompiled
[2017.04.12-17.21.34:873][651]LogTemp:Display: Kicking off shader compilation for FDebugViewModeMaterialProxy M_Door, GameThreadShaderMap 0x00000000A1DBD980
[2017.04.12-17.21.34:878][651]LogMaterial: Missing cached shader map for material FDebugViewModeMaterialProxy M_Lamp, compiling. 
[2017.04.12-17.21.34:879][651]LogTemp:Display: Added material ShaderMap 0x00000000B01F9980 with Material 0x000000005B30CD00 to ShaderMapsBeingCompiled
[2017.04.12-17.21.34:882][651]LogTemp:Display: Kicking off shader compilation for FDebugViewModeMaterialProxy M_Lamp, GameThreadShaderMap 0x00000000B01F9980
[2017.04.12-17.21.34:887][651]LogMaterial: Missing cached shader map for material FDebugViewModeMaterialProxy M_TableRound, compiling. 
[2017.04.12-17.21.34:888][651]LogTemp:Display: Added material ShaderMap 0x00000000B01FA400 with Material 0x000000005B30F700 to ShaderMapsBeingCompiled
[2017.04.12-17.21.34:891][651]LogTemp:Display: Kicking off shader compilation for FDebugViewModeMaterialProxy M_TableRound, GameThreadShaderMap 0x00000000B01FA400
[2017.04.12-17.21.34:896][651]LogMaterial: Missing cached shader map for material FDebugViewModeMaterialProxy M_Chair, compiling. 
[2017.04.12-17.21.34:897][651]LogTemp:Display: Added material ShaderMap 0x00000000B01F8B80 with Material 0x000000005B30C400 to ShaderMapsBeingCompiled
[2017.04.12-17.21.34:901][651]LogTemp:Display: Kicking off shader compilation for FDebugViewModeMaterialProxy M_Chair, GameThreadShaderMap 0x00000000B01F8B80
[2017.04.12-17.21.34:906][651]LogMaterial: Missing cached shader map for material FDebugViewModeMaterialProxy M_Wood_Floor_Walnut_Polished, compiling. 
[2017.04.12-17.21.34:907][651]LogTemp:Display: Added material ShaderMap 0x000000002EA0F900 with Material 0x00000000835F7700 to ShaderMapsBeingCompiled
[2017.04.12-17.21.34:910][651]LogTemp:Display: Kicking off shader compilation for FDebugViewModeMaterialProxy M_Wood_Floor_Walnut_Polished, GameThreadShaderMap 0x000000002EA0F900
[2017.04.12-17.21.34:916][651]LogMaterial: Missing cached shader map for material FDebugViewModeMaterialProxy M_Bush, compiling. 
[2017.04.12-17.21.34:918][651]LogTemp:Display: Added material ShaderMap 0x000000002EA0F200 with Material 0x00000000835F6E00 to ShaderMapsBeingCompiled
[2017.04.12-17.21.34:923][651]LogTemp:Display: Kicking off shader compilation for FDebugViewModeMaterialProxy M_Bush, GameThreadShaderMap 0x000000002EA0F200
[2017.04.12-17.21.34:928][651]LogMaterial: Missing cached shader map for material FDebugViewModeMaterialProxy M_StatueGlass, compiling. 
[2017.04.12-17.21.34:929][651]LogTemp:Display: Added material ShaderMap 0x000000002EA0E780 with Material 0x00000000835F4400 to ShaderMapsBeingCompiled
[2017.04.12-17.21.34:932][651]LogTemp:Display: Kicking off shader compilation for FDebugViewModeMaterialProxy M_StatueGlass, GameThreadShaderMap 0x000000002EA0E780
[2017.04.12-17.21.34:938][651]LogMaterial: Missing cached shader map for material FDebugViewModeMaterialProxy M_Statue, compiling. 
[2017.04.12-17.21.34:940][651]LogTemp:Display: Added material ShaderMap 0x000000002EA0DD00 with Material 0x00000000835F7400 to ShaderMapsBeingCompiled
[2017.04.12-17.21.34:944][651]LogTemp:Display: Kicking off shader compilation for FDebugViewModeMaterialProxy M_Statue, GameThreadShaderMap 0x000000002EA0DD00
[2017.04.12-17.21.34:951][651]LogMaterial: Missing cached shader map for material FDebugViewModeMaterialProxy M_Shelf, compiling. 
[2017.04.12-17.21.34:953][651]LogTemp:Display: Added material ShaderMap 0x000000002EA0D280 with Material 0x00000000835F4A00 to ShaderMapsBeingCompiled
[2017.04.12-17.21.34:957][651]LogTemp:Display: Kicking off shader compilation for FDebugViewModeMaterialProxy M_Shelf, GameThreadShaderMap 0x000000002EA0D280
[2017.04.12-17.21.34:968][651]LogMaterial: Missing cached shader map for material FDebugViewModeMaterialProxy M_UE4Man_Body, compiling. 
[2017.04.12-17.21.34:977][651]LogTemp:Display: Added material ShaderMap 0x000000002EA0C100 with Material 0x0000000054F20A00 to ShaderMapsBeingCompiled
[2017.04.12-17.21.34:983][651]LogTemp:Display: Kicking off shader compilation for FDebugViewModeMaterialProxy M_UE4Man_Body, GameThreadShaderMap 0x000000002EA0C100
[2017.04.12-17.21.34:991][651]LogMaterial: Missing cached shader map for material FDebugViewModeMaterialProxy M_UE4Man_ChestLogo, compiling. 
[2017.04.12-17.21.34:996][651]LogTemp:Display: Added material ShaderMap 0x000000005B527580 with Material 0x0000000054F23D00 to ShaderMapsBeingCompiled
[2017.04.12-17.21.35:002][651]LogTemp:Display: Kicking off shader compilation for FDebugViewModeMaterialProxy M_UE4Man_ChestLogo, GameThreadShaderMap 0x000000005B527580
[2017.04.12-17.21.35:457][651]LogTemp:Display: Finished compile of shader map 0x0000000034616400
[2017.04.12-17.21.35:457][651]LogTemp:Display: Shader map FDebugViewModeMaterialProxy MaterialInstanceDynamic_1 complete, GameThreadShaderMap 0x0000000034616400, marking material FDebugViewModeMaterialProxy MaterialInstanceDynamic_1 as finished
[2017.04.12-17.21.35:458][651]LogTemp:Display: Marking material as finished 0x0000000025E45C00
[2017.04.12-17.21.35:461][651]LogTemp:Display: Finished compile of shader map 0x0000000034616080
[2017.04.12-17.21.35:461][651]LogTemp:Display: Shader map FDebugViewModeMaterialProxy WorldGridMaterial complete, GameThreadShaderMap 0x0000000034616080, marking material FDebugViewModeMaterialProxy WorldGridMaterial as finished
[2017.04.12-17.21.35:461][651]LogTemp:Display: Marking material as finished 0x0000000025E45300
[2017.04.12-17.21.35:522][651]LogTemp:Display: Finished compile of shader map 0x0000000034616780
[2017.04.12-17.21.35:522][651]LogTemp:Display: Shader map FDebugViewModeMaterialProxy M_Ground_Grass complete, GameThreadShaderMap 0x0000000034616780, marking material FDebugViewModeMaterialProxy M_Ground_Grass as finished
[2017.04.12-17.21.35:522][651]LogTemp:Display: Marking material as finished 0x0000000025E44400
[2017.04.12-17.21.35:628][651]LogTemp:Display: Finished compile of shader map 0x000000009CC36780
[2017.04.12-17.21.35:628][651]LogTemp:Display: Shader map FDebugViewModeMaterialProxy M_Glass complete, GameThreadShaderMap 0x000000009CC36780, marking material FDebugViewModeMaterialProxy M_Glass as finished
[2017.04.12-17.21.35:628][651]LogTemp:Display: Marking material as finished 0x000000009AECE800
[2017.04.12-17.21.35:801][651]LogTemp:Display: Finished compile of shader map 0x000000009CC37580
[2017.04.12-17.21.35:801][651]LogTemp:Display: Shader map FDebugViewModeMaterialProxy M_Wood_Walnut complete, GameThreadShaderMap 0x000000009CC37580, marking material FDebugViewModeMaterialProxy M_Wood_Walnut as finished
[2017.04.12-17.21.35:802][651]LogTemp:Display: Marking material as finished 0x000000009AECDF00
[2017.04.12-17.21.35:907][651]LogTemp:Display: Finished compile of shader map 0x000000009CC37200
[2017.04.12-17.21.35:907][651]LogTemp:Display: Shader map FDebugViewModeMaterialProxy M_Wood_Floor_Walnut_Worn complete, GameThreadShaderMap 0x000000009CC37200, marking material FDebugViewModeMaterialProxy M_Wood_Floor_Walnut_Worn as finished
[2017.04.12-17.21.35:907][651]LogTemp:Display: Marking material as finished 0x000000009AECF400
[2017.04.12-17.21.36:011][651]LogTemp:Display: Finished compile of shader map 0x00000000A1DBFC80
[2017.04.12-17.21.36:012][651]LogTemp:Display: Shader map FDebugViewModeMaterialProxy M_Ceramic_Tile_Checker complete, GameThreadShaderMap 0x00000000A1DBFC80, marking material FDebugViewModeMaterialProxy M_Ceramic_Tile_Checker as finished
[2017.04.12-17.21.36:012][651]LogTemp:Display: Marking material as finished 0x000000005B30DC00
[2017.04.12-17.21.37:480][651]LogTemp:Display: Finished compile of shader map 0x00000000A1DBE080
[2017.04.12-17.21.37:480][651]LogTemp:Display: Shader map FDebugViewModeMaterialProxy M_Frame complete, GameThreadShaderMap 0x00000000A1DBE080, marking material FDebugViewModeMaterialProxy M_Frame as finished
[2017.04.12-17.21.37:480][651]LogTemp:Display: Marking material as finished 0x000000005B30F400
[2017.04.12-17.21.37:482][651]LogTemp:Display: Finished compile of shader map 0x00000000A1DBD980
[2017.04.12-17.21.37:482][651]LogTemp:Display: Shader map FDebugViewModeMaterialProxy M_Door complete, GameThreadShaderMap 0x00000000A1DBD980, marking material FDebugViewModeMaterialProxy M_Door as finished
[2017.04.12-17.21.37:482][651]LogTemp:Display: Marking material as finished 0x000000005B30F100
[2017.04.12-17.21.37:484][651]LogTemp:Display: Finished compile of shader map 0x00000000B01F9980
[2017.04.12-17.21.37:484][651]LogTemp:Display: Shader map FDebugViewModeMaterialProxy M_Lamp complete, GameThreadShaderMap 0x00000000B01F9980, marking material FDebugViewModeMaterialProxy M_Lamp as finished
[2017.04.12-17.21.37:484][651]LogTemp:Display: Marking material as finished 0x000000005B30CD00
[2017.04.12-17.21.37:486][651]LogTemp:Display: Finished compile of shader map 0x00000000B01FA400
[2017.04.12-17.21.37:486][651]LogTemp:Display: Shader map FDebugViewModeMaterialProxy M_TableRound complete, GameThreadShaderMap 0x00000000B01FA400, marking material FDebugViewModeMaterialProxy M_TableRound as finished
[2017.04.12-17.21.37:486][651]LogTemp:Display: Marking material as finished 0x000000005B30F700
[2017.04.12-17.21.37:488][651]LogTemp:Display: Finished compile of shader map 0x00000000B01F8B80
[2017.04.12-17.21.37:488][651]LogTemp:Display: Shader map FDebugViewModeMaterialProxy M_Chair complete, GameThreadShaderMap 0x00000000B01F8B80, marking material FDebugViewModeMaterialProxy M_Chair as finished
[2017.04.12-17.21.37:488][651]LogTemp:Display: Marking material as finished 0x000000005B30C400
[2017.04.12-17.21.37:490][651]LogTemp:Display: Finished compile of shader map 0x000000002EA0F200
[2017.04.12-17.21.37:490][651]LogTemp:Display: Shader map FDebugViewModeMaterialProxy M_Bush complete, GameThreadShaderMap 0x000000002EA0F200, marking material FDebugViewModeMaterialProxy M_Bush as finished
[2017.04.12-17.21.37:490][651]LogTemp:Display: Marking material as finished 0x00000000835F6E00
[2017.04.12-17.21.37:493][651]LogTemp:Display: Finished compile of shader map 0x000000002EA0F900
[2017.04.12-17.21.37:493][651]LogTemp:Display: Shader map FDebugViewModeMaterialProxy M_Wood_Floor_Walnut_Polished complete, GameThreadShaderMap 0x000000002EA0F900, marking material FDebugViewModeMaterialProxy M_Wood_Floor_Walnut_Polished as finished
[2017.04.12-17.21.37:493][651]LogTemp:Display: Marking material as finished 0x00000000835F7700
[2017.04.12-17.21.37:496][651]LogTemp:Display: Finished compile of shader map 0x000000002EA0E780
[2017.04.12-17.21.37:496][651]LogTemp:Display: Shader map FDebugViewModeMaterialProxy M_StatueGlass complete, GameThreadShaderMap 0x000000002EA0E780, marking material FDebugViewModeMaterialProxy M_StatueGlass as finished
[2017.04.12-17.21.37:496][651]LogTemp:Display: Marking material as finished 0x00000000835F4400
[2017.04.12-17.21.37:498][651]LogTemp:Display: Finished compile of shader map 0x000000002EA0DD00
[2017.04.12-17.21.37:498][651]LogTemp:Display: Shader map FDebugViewModeMaterialProxy M_Statue complete, GameThreadShaderMap 0x000000002EA0DD00, marking material FDebugViewModeMaterialProxy M_Statue as finished
[2017.04.12-17.21.37:498][651]LogTemp:Display: Marking material as finished 0x00000000835F7400
[2017.04.12-17.21.37:500][651]LogTemp:Display: Finished compile of shader map 0x000000002EA0D280
[2017.04.12-17.21.37:500][651]LogTemp:Display: Shader map FDebugViewModeMaterialProxy M_Shelf complete, GameThreadShaderMap 0x000000002EA0D280, marking material FDebugViewModeMaterialProxy M_Shelf as finished
[2017.04.12-17.21.37:500][651]LogTemp:Display: Marking material as finished 0x00000000835F4A00
[2017.04.12-17.21.37:502][651]LogTemp:Display: Finished compile of shader map 0x000000005B527580
[2017.04.12-17.21.37:502][651]LogTemp:Display: Shader map FDebugViewModeMaterialProxy M_UE4Man_ChestLogo complete, GameThreadShaderMap 0x000000005B527580, marking material FDebugViewModeMaterialProxy M_UE4Man_ChestLogo as finished
[2017.04.12-17.21.37:502][651]LogTemp:Display: Marking material as finished 0x0000000054F23D00
[2017.04.12-17.21.37:505][651]LogTemp:Display: Finished compile of shader map 0x000000002EA0C100
[2017.04.12-17.21.37:505][651]LogTemp:Display: Shader map FDebugViewModeMaterialProxy M_UE4Man_Body complete, GameThreadShaderMap 0x000000002EA0C100, marking material FDebugViewModeMaterialProxy M_UE4Man_Body as finished
[2017.04.12-17.21.37:505][651]LogTemp:Display: Marking material as finished 0x0000000054F20A00
[2017.04.12-17.21.37:509][651]LogTemp:Display: Finished compile of shader map 0x0000000034616B00
[2017.04.12-17.21.37:509][651]LogTemp:Display: Shader map FDebugViewModeMaterialProxy M_CobbleStone_Smooth complete, GameThreadShaderMap 0x0000000034616B00, marking material FDebugViewModeMaterialProxy M_CobbleStone_Smooth as finished
[2017.04.12-17.21.37:509][651]LogTemp:Display: Marking material as finished 0x0000000025E44A00
[2017.04.12-17.21.37:520][651]TextureStreamingBuild:Display: Compiling optional shaders took 2.770 seconds.
[2017.04.12-17.21.37:553][651]LogLevel:Display: Export Material TexCoord Scales took 0.033 seconds.
[2017.04.12-17.21.37:574][651]TextureStreamingBuild:Display: Build Texture Streaming took 0.021 seconds.
[2017.04.12-17.21.37:592][651]LightingResults: New page: Lighting Build - Apr 12, 2017, 3:21:37 AM
[2017.04.12-17.21.37:640][651]LogSwarmInterface: [OpenConnection] Registering TCP channel ...
[2017.04.12-17.21.37:673][651]LogSwarmInterface: [OpenConnection] Connecting to agent ...
[2017.04.12-17.21.37:683][651]LogSwarmInterface: [TryOpenConnection] Testing the Agent
[2017.04.12-17.21.38:194][651]LogSwarmInterface: [TryOpenConnection] Opening Connection to Agent
[2017.04.12-17.21.38:194][651]LogSwarmInterface: [TryOpenConnection] Local Process ID is 1360
[2017.04.12-17.21.41:847][651]LogStaticLightingSystem:Warning: No importance volume found, so the scene bounding box was used.  You can optimize your scene's quality and lighting build times by adding importance volumes.
[2017.04.12-17.21.41:848][651]LogStaticLightingSystem: Running Lightmass w/ ImmediateImport mode ENABLED
[2017.04.12-17.21.41:848][651]LogStaticLightingSystem: Running Lightmass w/ ImmediateProcess mode ENABLED
[2017.04.12-17.21.41:848][651]LogStaticLightingSystem: Running Lightmass w/ Sorting mode ENABLED
[2017.04.12-17.21.41:848][651]LogStaticLightingSystem: Running Lightmass w/ Mapping paddings ENABLED
[2017.04.12-17.21.41:848][651]LogStaticLightingSystem: Running Lightmass w/ Mapping debug paddings DISABLED
[2017.04.12-17.21.41:971][651]Cmd: MAP CHECK DONTDISPLAYDIALOG
[2017.04.12-17.21.41:971][651]MapCheck: New page: Minimal_Default - Apr 12, 2017, 3:21:41 AM
[2017.04.12-17.21.41:972][651]MapCheck:Error: Error WorldSettings_1 Maps need lighting rebuilt 
[2017.04.12-17.21.42:050][651]MapCheck: Info Map check complete: 1 Error(s), 0 Warning(s), took 79.118ms to complete.
[2017.04.12-17.21.42:071][651]LogEditorBuildUtils: Build time 0:07
[2017.04.12-17.21.42:108][651]LogMaterial: Missing cached shader map for material FLightmassMaterialRenderer M_Shelf, compiling. 
[2017.04.12-17.21.42:109][651]LogTemp:Display: Added material ShaderMap 0x000000009CDEF200 with Material 0x000000005B30CA00 to ShaderMapsBeingCompiled
[2017.04.12-17.21.42:112][651]LogTemp:Display: Kicking off shader compilation for FLightmassMaterialRenderer M_Shelf, GameThreadShaderMap 0x000000009CDEF200
[2017.04.12-17.21.42:115][651]LogMaterial: Missing cached shader map for material FLightmassMaterialRenderer M_Shelf, compiling. 
[2017.04.12-17.21.42:116][651]LogTemp:Display: Added material ShaderMap 0x000000002E67FC80 with Material 0x000000005B30FA00 to ShaderMapsBeingCompiled
[2017.04.12-17.21.42:118][651]LogTemp:Display: Kicking off shader compilation for FLightmassMaterialRenderer M_Shelf, GameThreadShaderMap 0x000000002E67FC80
[2017.04.12-17.21.42:694][652]LogTemp:Display: Finished compile of shader map 0x000000009CDEF200
[2017.04.12-17.21.42:694][652]LogTemp:Display: Shader map FLightmassMaterialRenderer M_Shelf complete, GameThreadShaderMap 0x000000009CDEF200, marking material FLightmassMaterialRenderer M_Shelf as finished
[2017.04.12-17.21.42:694][652]LogTemp:Display: Marking material as finished 0x000000005B30CA00
[2017.04.12-17.21.42:697][652]LogTemp:Display: Finished compile of shader map 0x000000002E67FC80
[2017.04.12-17.21.42:697][652]LogTemp:Display: Shader map FLightmassMaterialRenderer M_Shelf complete, GameThreadShaderMap 0x000000002E67FC80, marking material FLightmassMaterialRenderer M_Shelf as finished
[2017.04.12-17.21.42:697][652]LogTemp:Display: Marking material as finished 0x000000005B30FA00
[2017.04.12-17.21.53:407][881]LightingResults:Warning: Warning <None> Object has overlapping UVs.
[2017.04.12-17.21.53:407][881]LightingResults: Info <None> Lightmap UV are overlapping by 1.0%. Please adjust content - Enable Error Coloring to visualize.
[2017.04.12-17.21.53:806][890]Job is a success!
[2017.04.12-17.21.55:065][891]LogTexture:Display: Building textures: HQ_Lightmap0_1 (AutoDXT, 1024X1024) - 235 MB total VRAM
[2017.04.12-17.21.55:065][891]LogTexture:Display: Building textures: LQ_Lightmap_0_1 (DXT1, 1024X1024) - 235 MB total VRAM
[2017.04.12-17.21.55:065][891]LogTexture:Display: Building textures: HQ_Lightmap0_2 (AutoDXT, 1024X1024) - 235 MB total VRAM
[2017.04.12-17.21.55:065][891]LogTexture:Display: Building textures: LQ_Lightmap_0_2 (DXT1, 1024X1024) - 235 MB total VRAM
[2017.04.12-17.21.55:065][891]LogTexture:Display: Building textures: HQ_Lightmap0_3 (AutoDXT, 64X64) - 235 MB total VRAM
[2017.04.12-17.21.55:065][891]LogTexture:Display: Building textures: LQ_Lightmap_0_3 (DXT1, 64X64) - 235 MB total VRAM
[2017.04.12-17.21.55:178][891]LogTexture:Display: Building textures: ShadowMapTexture2D_2 (G8, 32X32) - 235 MB total VRAM
[2017.04.12-17.21.55:178][891]LogTexture:Display: Building textures: ShadowMapTexture2D_1 (G8, 128X128) - 235 MB total VRAM
[2017.04.12-17.21.55:178][891]LogTexture:Display: Building textures: ShadowMapTexture2D_0 (G8, 512X512) - 235 MB total VRAM
[2017.04.12-17.21.55:206][891]Lightmass on SEA-8FE212: 11.4 sec total, 171 ms importing, 74 ms setup, 983 ms photons, 10.2 sec processing, 0 ms extra exporting [355/355 mappings]. Threads: 1:11 min total, 51.7 sec processing.
[2017.04.12-17.21.55:253][891]LogStaticLightingSystem: Illumination: 17.6 sec (1.05 sec encoding lightmaps, 108 ms encoding shadowmaps)
[2017.04.12-17.21.55:253][891]LogStaticLightingSystem: Lightmap texture memory:  4.0 MB (2.0 MB streaming, 2.0 MB non-streaming), 6 textures
[2017.04.12-17.21.55:253][891]LogStaticLightingSystem: Shadowmap texture memory: 0.4 MB (0.0 MB streaming, 0.3 MB non-streaming), 3 textures
[2017.04.12-17.21.55:848][891]DumpUnbuiltLightIteractions
[2017.04.12-17.21.55:848][891]Lights with unbuilt interactions: 0
[2017.04.12-17.21.55:848][891]
[2017.04.12-17.21.55:848][891]Primitives with unbuilt interactions: 0
[2017.04.12-17.21.55:864][892]Cmd: MAP CHECK NOTIFYRESULTS
[2017.04.12-17.21.55:864][892]MapCheck: New page: Minimal_Default - Apr 12, 2017, 3:21:55 AM
[2017.04.12-17.21.55:932][892]MapCheck: Info Map check complete: 0 Error(s), 0 Warning(s), took 67.554ms to complete.
[2017.04.12-17.22.02:481][273]Cmd: SELECT NONE
[2017.04.12-17.22.21:647][717]LogEditorViewport: Clicking on Actor (LMB): StaticMeshActor (SM_Lamp_Ceiling)
[2017.04.12-17.22.29:685][217]LogEditorViewport: Clicking on Actor (LMB): PointLight (PointLight3)
[2017.04.12-17.22.35:482][562]Cmd: TRANSACTION UNDO
[2017.04.12-17.22.35:482][562]LogEditorTransaction: Undo Move Actors
[2017.04.12-17.22.35:497][562]LogMaterial: Missing cached shader map for material M_UE4Man_Body, compiling. 
[2017.04.12-17.22.35:500][562]LogTemp:Display: Added material ShaderMap 0x00000000B3151980 with Material 0x0000000041DFC180 to ShaderMapsBeingCompiled
[2017.04.12-17.22.35:568][562]LogTemp:Display: Kicking off shader compilation for M_UE4Man_Body, GameThreadShaderMap 0x00000000B3151980
[2017.04.12-17.22.35:568][562]LogMaterial: 0.00 seconds spent updating 1 materials, 1 interfaces, 0 instances, 0 with static permutations.
[2017.04.12-17.22.36:401][584]Cmd: DUPLICATE
[2017.04.12-17.22.36:401][584]Cmd: ACTOR DUPLICATE
[2017.04.12-17.22.44:010][802]LogTemp:Display: Finished compile of shader map 0x00000000B3151980
[2017.04.12-17.22.44:011][802]LogTemp:Display: Shader map M_UE4Man_Body complete, GameThreadShaderMap 0x00000000B3151980, marking material M_UE4Man_Body as finished
[2017.04.12-17.22.44:011][802]LogTemp:Display: Marking material as finished 0x0000000041DFC180
[2017.04.12-17.22.44:032][803]MaterialEditorStats: Info Base pass shader with only dynamic lighting: 94 instructions
[2017.04.12-17.22.44:032][803]MaterialEditorStats: Info Vertex shader: 31 instructions
[2017.04.12-17.22.44:032][803]MaterialEditorStats: Info Texture samplers: 3/16
[2017.04.12-17.23.08:817][340]MapCheck: New page: Map Check
[2017.04.12-17.23.08:876][340]Cmd: MAP REBUILD ALLVISIBLE
[2017.04.12-17.23.08:877][340]LogEditorServer: Rebuildmap Clear paths rebuilt
[2017.04.12-17.23.09:421][340]LogMaterial: Missing cached shader map for material FDebugViewModeMaterialProxy WorldGridMaterial, compiling. Is special engine material.
[2017.04.12-17.23.09:423][340]LogTemp:Display: Added material ShaderMap 0x0000000084786E80 with Material 0x00000000B299F100 to ShaderMapsBeingCompiled
[2017.04.12-17.23.09:426][340]LogTemp:Display: Kicking off shader compilation for FDebugViewModeMaterialProxy WorldGridMaterial, GameThreadShaderMap 0x0000000084786E80
[2017.04.12-17.23.09:430][340]LogMaterial: Missing cached shader map for material FDebugViewModeMaterialProxy M_Ground_Grass, compiling. 
[2017.04.12-17.23.09:431][340]LogTemp:Display: Added material ShaderMap 0x0000000084787200 with Material 0x00000000B299FA00 to ShaderMapsBeingCompiled
[2017.04.12-17.23.09:433][340]LogTemp:Display: Kicking off shader compilation for FDebugViewModeMaterialProxy M_Ground_Grass, GameThreadShaderMap 0x0000000084787200
[2017.04.12-17.23.09:436][340]LogMaterial: Missing cached shader map for material FDebugViewModeMaterialProxy MaterialInstanceDynamic_2, compiling. 
[2017.04.12-17.23.09:438][340]LogTemp:Display: Added material ShaderMap 0x0000000084787580 with Material 0x0000000083EC5C00 to ShaderMapsBeingCompiled
[2017.04.12-17.23.09:441][340]LogTemp:Display: Kicking off shader compilation for FDebugViewModeMaterialProxy MaterialInstanceDynamic_2, GameThreadShaderMap 0x0000000084787580
[2017.04.12-17.23.09:447][340]LogMaterial: Missing cached shader map for material FDebugViewModeMaterialProxy M_CobbleStone_Smooth, compiling. 
[2017.04.12-17.23.09:454][340]LogTemp:Display: Added material ShaderMap 0x0000000084786400 with Material 0x0000000083EC4A00 to ShaderMapsBeingCompiled
[2017.04.12-17.23.09:459][340]LogTemp:Display: Kicking off shader compilation for FDebugViewModeMaterialProxy M_CobbleStone_Smooth, GameThreadShaderMap 0x0000000084786400
[2017.04.12-17.23.09:467][340]LogMaterial: Missing cached shader map for material FDebugViewModeMaterialProxy M_Wood_Walnut, compiling. 
[2017.04.12-17.23.09:469][340]LogTemp:Display: Added material ShaderMap 0x00000000A1DBF580 with Material 0x0000000083EC6E00 to ShaderMapsBeingCompiled
[2017.04.12-17.23.09:474][340]LogTemp:Display: Kicking off shader compilation for FDebugViewModeMaterialProxy M_Wood_Walnut, GameThreadShaderMap 0x00000000A1DBF580
[2017.04.12-17.23.09:480][340]LogMaterial: Missing cached shader map for material FDebugViewModeMaterialProxy M_Glass, compiling. 
[2017.04.12-17.23.09:481][340]LogTemp:Display: Added material ShaderMap 0x00000000A1DBFC80 with Material 0x0000000054F20D00 to ShaderMapsBeingCompiled
[2017.04.12-17.23.09:484][340]LogTemp:Display: Kicking off shader compilation for FDebugViewModeMaterialProxy M_Glass, GameThreadShaderMap 0x00000000A1DBFC80
[2017.04.12-17.23.09:489][340]LogMaterial: Missing cached shader map for material FDebugViewModeMaterialProxy M_Wood_Floor_Walnut_Worn, compiling. 
[2017.04.12-17.23.09:491][340]LogTemp:Display: Added material ShaderMap 0x00000000A1DBE080 with Material 0x0000000054F21F00 to ShaderMapsBeingCompiled
[2017.04.12-17.23.09:494][340]LogTemp:Display: Kicking off shader compilation for FDebugViewModeMaterialProxy M_Wood_Floor_Walnut_Worn, GameThreadShaderMap 0x00000000A1DBE080
[2017.04.12-17.23.09:499][340]LogMaterial: Missing cached shader map for material FDebugViewModeMaterialProxy M_Ceramic_Tile_Checker, compiling. 
[2017.04.12-17.23.09:501][340]LogTemp:Display: Added material ShaderMap 0x00000000B31F4800 with Material 0x0000000054F22E00 to ShaderMapsBeingCompiled
[2017.04.12-17.23.09:504][340]LogTemp:Display: Kicking off shader compilation for FDebugViewModeMaterialProxy M_Ceramic_Tile_Checker, GameThreadShaderMap 0x00000000B31F4800
[2017.04.12-17.23.09:509][340]LogMaterial: Missing cached shader map for material FDebugViewModeMaterialProxy M_Frame, compiling. 
[2017.04.12-17.23.09:510][340]LogTemp:Display: Added material ShaderMap 0x00000000B31F5280 with Material 0x0000000043A16800 to ShaderMapsBeingCompiled
[2017.04.12-17.23.09:514][340]LogTemp:Display: Kicking off shader compilation for FDebugViewModeMaterialProxy M_Frame, GameThreadShaderMap 0x00000000B31F5280
[2017.04.12-17.23.09:519][340]LogMaterial: Missing cached shader map for material FDebugViewModeMaterialProxy M_Door, compiling. 
[2017.04.12-17.23.09:521][340]LogTemp:Display: Added material ShaderMap 0x00000000B31F4F00 with Material 0x0000000043A15300 to ShaderMapsBeingCompiled
[2017.04.12-17.23.09:524][340]LogTemp:Display: Kicking off shader compilation for FDebugViewModeMaterialProxy M_Door, GameThreadShaderMap 0x00000000B31F4F00
[2017.04.12-17.23.09:529][340]LogMaterial: Missing cached shader map for material FDebugViewModeMaterialProxy M_Lamp, compiling. 
[2017.04.12-17.23.09:531][340]LogTemp:Display: Added material ShaderMap 0x00000000B31F6400 with Material 0x0000000043A17700 to ShaderMapsBeingCompiled
[2017.04.12-17.23.09:534][340]LogTemp:Display: Kicking off shader compilation for FDebugViewModeMaterialProxy M_Lamp, GameThreadShaderMap 0x00000000B31F6400
[2017.04.12-17.23.09:540][340]LogMaterial: Missing cached shader map for material FDebugViewModeMaterialProxy M_TableRound, compiling. 
[2017.04.12-17.23.09:541][340]LogTemp:Display: Added material ShaderMap 0x000000009CDED980 with Material 0x0000000043A14700 to ShaderMapsBeingCompiled
[2017.04.12-17.23.09:545][340]LogTemp:Display: Kicking off shader compilation for FDebugViewModeMaterialProxy M_TableRound, GameThreadShaderMap 0x000000009CDED980
[2017.04.12-17.23.09:550][340]LogMaterial: Missing cached shader map for material FDebugViewModeMaterialProxy M_Chair, compiling. 
[2017.04.12-17.23.09:552][340]LogTemp:Display: Added material ShaderMap 0x000000009CDECB80 with Material 0x0000000043A16E00 to ShaderMapsBeingCompiled
[2017.04.12-17.23.09:555][340]LogTemp:Display: Kicking off shader compilation for FDebugViewModeMaterialProxy M_Chair, GameThreadShaderMap 0x000000009CDECB80
[2017.04.12-17.23.09:560][340]LogMaterial: Missing cached shader map for material FDebugViewModeMaterialProxy M_Wood_Floor_Walnut_Polished, compiling. 
[2017.04.12-17.23.09:562][340]LogTemp:Display: Added material ShaderMap 0x000000009CDEE400 with Material 0x0000000043A17A00 to ShaderMapsBeingCompiled
[2017.04.12-17.23.09:565][340]LogTemp:Display: Kicking off shader compilation for FDebugViewModeMaterialProxy M_Wood_Floor_Walnut_Polished, GameThreadShaderMap 0x000000009CDEE400
[2017.04.12-17.23.09:572][340]LogMaterial: Missing cached shader map for material FDebugViewModeMaterialProxy M_Bush, compiling. 
[2017.04.12-17.23.09:573][340]LogTemp:Display: Added material ShaderMap 0x000000009CDEC480 with Material 0x000000008C016200 to ShaderMapsBeingCompiled
[2017.04.12-17.23.09:577][340]LogTemp:Display: Kicking off shader compilation for FDebugViewModeMaterialProxy M_Bush, GameThreadShaderMap 0x000000009CDEC480
[2017.04.12-17.23.09:584][340]LogMaterial: Missing cached shader map for material FDebugViewModeMaterialProxy M_StatueGlass, compiling. 
[2017.04.12-17.23.09:586][340]LogTemp:Display: Added material ShaderMap 0x000000005B525600 with Material 0x000000008C015000 to ShaderMapsBeingCompiled
[2017.04.12-17.23.09:592][340]LogTemp:Display: Kicking off shader compilation for FDebugViewModeMaterialProxy M_StatueGlass, GameThreadShaderMap 0x000000005B525600
[2017.04.12-17.23.09:599][340]LogMaterial: Missing cached shader map for material FDebugViewModeMaterialProxy M_Statue, compiling. 
[2017.04.12-17.23.09:601][340]LogTemp:Display: Added material ShaderMap 0x000000005B526080 with Material 0x000000008C014400 to ShaderMapsBeingCompiled
[2017.04.12-17.23.09:607][340]LogTemp:Display: Kicking off shader compilation for FDebugViewModeMaterialProxy M_Statue, GameThreadShaderMap 0x000000005B526080
[2017.04.12-17.23.09:614][340]LogMaterial: Missing cached shader map for material FDebugViewModeMaterialProxy M_Shelf, compiling. 
[2017.04.12-17.23.09:616][340]LogTemp:Display: Added material ShaderMap 0x000000005B524800 with Material 0x000000008C014D00 to ShaderMapsBeingCompiled
[2017.04.12-17.23.09:622][340]LogTemp:Display: Kicking off shader compilation for FDebugViewModeMaterialProxy M_Shelf, GameThreadShaderMap 0x000000005B524800
[2017.04.12-17.23.09:631][340]LogMaterial: Missing cached shader map for material FDebugViewModeMaterialProxy M_UE4Man_Body, compiling. 
[2017.04.12-17.23.09:640][340]LogTemp:Display: Added material ShaderMap 0x000000005B527580 with Material 0x000000008C015600 to ShaderMapsBeingCompiled
[2017.04.12-17.23.09:646][340]LogTemp:Display: Kicking off shader compilation for FDebugViewModeMaterialProxy M_UE4Man_Body, GameThreadShaderMap 0x000000005B527580
[2017.04.12-17.23.09:656][340]LogMaterial: Missing cached shader map for material FDebugViewModeMaterialProxy M_UE4Man_ChestLogo, compiling. 
[2017.04.12-17.23.09:661][340]LogTemp:Display: Added material ShaderMap 0x000000002E67C100 with Material 0x000000008C016800 to ShaderMapsBeingCompiled
[2017.04.12-17.23.09:667][340]LogTemp:Display: Kicking off shader compilation for FDebugViewModeMaterialProxy M_UE4Man_ChestLogo, GameThreadShaderMap 0x000000002E67C100
[2017.04.12-17.23.10:067][340]LogTemp:Display: Finished compile of shader map 0x0000000084786E80
[2017.04.12-17.23.10:067][340]LogTemp:Display: Shader map FDebugViewModeMaterialProxy WorldGridMaterial complete, GameThreadShaderMap 0x0000000084786E80, marking material FDebugViewModeMaterialProxy WorldGridMaterial as finished
[2017.04.12-17.23.10:067][340]LogTemp:Display: Marking material as finished 0x00000000B299F100
[2017.04.12-17.23.10:131][340]LogTemp:Display: Finished compile of shader map 0x0000000084787580
[2017.04.12-17.23.10:131][340]LogTemp:Display: Shader map FDebugViewModeMaterialProxy MaterialInstanceDynamic_2 complete, GameThreadShaderMap 0x0000000084787580, marking material FDebugViewModeMaterialProxy MaterialInstanceDynamic_2 as finished
[2017.04.12-17.23.10:131][340]LogTemp:Display: Marking material as finished 0x0000000083EC5C00
[2017.04.12-17.23.10:206][340]LogTemp:Display: Finished compile of shader map 0x0000000084787200
[2017.04.12-17.23.10:206][340]LogTemp:Display: Shader map FDebugViewModeMaterialProxy M_Ground_Grass complete, GameThreadShaderMap 0x0000000084787200, marking material FDebugViewModeMaterialProxy M_Ground_Grass as finished
[2017.04.12-17.23.10:206][340]LogTemp:Display: Marking material as finished 0x00000000B299FA00
[2017.04.12-17.23.10:313][340]LogTemp:Display: Finished compile of shader map 0x00000000A1DBFC80
[2017.04.12-17.23.10:313][340]LogTemp:Display: Shader map FDebugViewModeMaterialProxy M_Glass complete, GameThreadShaderMap 0x00000000A1DBFC80, marking material FDebugViewModeMaterialProxy M_Glass as finished
[2017.04.12-17.23.10:313][340]LogTemp:Display: Marking material as finished 0x0000000054F20D00
[2017.04.12-17.23.10:478][340]LogTemp:Display: Finished compile of shader map 0x00000000A1DBF580
[2017.04.12-17.23.10:479][340]LogTemp:Display: Shader map FDebugViewModeMaterialProxy M_Wood_Walnut complete, GameThreadShaderMap 0x00000000A1DBF580, marking material FDebugViewModeMaterialProxy M_Wood_Walnut as finished
[2017.04.12-17.23.10:479][340]LogTemp:Display: Marking material as finished 0x0000000083EC6E00
[2017.04.12-17.23.10:649][340]LogTemp:Display: Finished compile of shader map 0x00000000A1DBE080
[2017.04.12-17.23.10:649][340]LogTemp:Display: Shader map FDebugViewModeMaterialProxy M_Wood_Floor_Walnut_Worn complete, GameThreadShaderMap 0x00000000A1DBE080, marking material FDebugViewModeMaterialProxy M_Wood_Floor_Walnut_Worn as finished
[2017.04.12-17.23.10:649][340]LogTemp:Display: Marking material as finished 0x0000000054F21F00
[2017.04.12-17.23.10:730][340]LogTemp:Display: Finished compile of shader map 0x00000000B31F4800
[2017.04.12-17.23.10:731][340]LogTemp:Display: Shader map FDebugViewModeMaterialProxy M_Ceramic_Tile_Checker complete, GameThreadShaderMap 0x00000000B31F4800, marking material FDebugViewModeMaterialProxy M_Ceramic_Tile_Checker as finished
[2017.04.12-17.23.10:731][340]LogTemp:Display: Marking material as finished 0x0000000054F22E00
[2017.04.12-17.23.12:270][340]LogTemp:Display: Finished compile of shader map 0x00000000B31F5280
[2017.04.12-17.23.12:270][340]LogTemp:Display: Shader map FDebugViewModeMaterialProxy M_Frame complete, GameThreadShaderMap 0x00000000B31F5280, marking material FDebugViewModeMaterialProxy M_Frame as finished
[2017.04.12-17.23.12:270][340]LogTemp:Display: Marking material as finished 0x0000000043A16800
[2017.04.12-17.23.12:272][340]LogTemp:Display: Finished compile of shader map 0x00000000B31F4F00
[2017.04.12-17.23.12:272][340]LogTemp:Display: Shader map FDebugViewModeMaterialProxy M_Door complete, GameThreadShaderMap 0x00000000B31F4F00, marking material FDebugViewModeMaterialProxy M_Door as finished
[2017.04.12-17.23.12:272][340]LogTemp:Display: Marking material as finished 0x0000000043A15300
[2017.04.12-17.23.12:274][340]LogTemp:Display: Finished compile of shader map 0x000000009CDED980
[2017.04.12-17.23.12:274][340]LogTemp:Display: Shader map FDebugViewModeMaterialProxy M_TableRound complete, GameThreadShaderMap 0x000000009CDED980, marking material FDebugViewModeMaterialProxy M_TableRound as finished
[2017.04.12-17.23.12:274][340]LogTemp:Display: Marking material as finished 0x0000000043A14700
[2017.04.12-17.23.12:276][340]LogTemp:Display: Finished compile of shader map 0x00000000B31F6400
[2017.04.12-17.23.12:276][340]LogTemp:Display: Shader map FDebugViewModeMaterialProxy M_Lamp complete, GameThreadShaderMap 0x00000000B31F6400, marking material FDebugViewModeMaterialProxy M_Lamp as finished
[2017.04.12-17.23.12:276][340]LogTemp:Display: Marking material as finished 0x0000000043A17700
[2017.04.12-17.23.12:278][340]LogTemp:Display: Finished compile of shader map 0x000000009CDECB80
[2017.04.12-17.23.12:278][340]LogTemp:Display: Shader map FDebugViewModeMaterialProxy M_Chair complete, GameThreadShaderMap 0x000000009CDECB80, marking material FDebugViewModeMaterialProxy M_Chair as finished
[2017.04.12-17.23.12:278][340]LogTemp:Display: Marking material as finished 0x0000000043A16E00
[2017.04.12-17.23.12:280][340]LogTemp:Display: Finished compile of shader map 0x000000009CDEC480
[2017.04.12-17.23.12:280][340]LogTemp:Display: Shader map FDebugViewModeMaterialProxy M_Bush complete, GameThreadShaderMap 0x000000009CDEC480, marking material FDebugViewModeMaterialProxy M_Bush as finished
[2017.04.12-17.23.12:280][340]LogTemp:Display: Marking material as finished 0x000000008C016200
[2017.04.12-17.23.12:283][340]LogTemp:Display: Finished compile of shader map 0x000000009CDEE400
[2017.04.12-17.23.12:283][340]LogTemp:Display: Shader map FDebugViewModeMaterialProxy M_Wood_Floor_Walnut_Polished complete, GameThreadShaderMap 0x000000009CDEE400, marking material FDebugViewModeMaterialProxy M_Wood_Floor_Walnut_Polished as finished
[2017.04.12-17.23.12:283][340]LogTemp:Display: Marking material as finished 0x0000000043A17A00
[2017.04.12-17.23.12:285][340]LogTemp:Display: Finished compile of shader map 0x000000005B525600
[2017.04.12-17.23.12:285][340]LogTemp:Display: Shader map FDebugViewModeMaterialProxy M_StatueGlass complete, GameThreadShaderMap 0x000000005B525600, marking material FDebugViewModeMaterialProxy M_StatueGlass as finished
[2017.04.12-17.23.12:285][340]LogTemp:Display: Marking material as finished 0x000000008C015000
[2017.04.12-17.23.12:287][340]LogTemp:Display: Finished compile of shader map 0x000000005B526080
[2017.04.12-17.23.12:287][340]LogTemp:Display: Shader map FDebugViewModeMaterialProxy M_Statue complete, GameThreadShaderMap 0x000000005B526080, marking material FDebugViewModeMaterialProxy M_Statue as finished
[2017.04.12-17.23.12:287][340]LogTemp:Display: Marking material as finished 0x000000008C014400
[2017.04.12-17.23.12:289][340]LogTemp:Display: Finished compile of shader map 0x000000005B524800
[2017.04.12-17.23.12:289][340]LogTemp:Display: Shader map FDebugViewModeMaterialProxy M_Shelf complete, GameThreadShaderMap 0x000000005B524800, marking material FDebugViewModeMaterialProxy M_Shelf as finished
[2017.04.12-17.23.12:289][340]LogTemp:Display: Marking material as finished 0x000000008C014D00
[2017.04.12-17.23.12:291][340]LogTemp:Display: Finished compile of shader map 0x000000002E67C100
[2017.04.12-17.23.12:291][340]LogTemp:Display: Shader map FDebugViewModeMaterialProxy M_UE4Man_ChestLogo complete, GameThreadShaderMap 0x000000002E67C100, marking material FDebugViewModeMaterialProxy M_UE4Man_ChestLogo as finished
[2017.04.12-17.23.12:291][340]LogTemp:Display: Marking material as finished 0x000000008C016800
[2017.04.12-17.23.12:294][340]LogTemp:Display: Finished compile of shader map 0x000000005B527580
[2017.04.12-17.23.12:294][340]LogTemp:Display: Shader map FDebugViewModeMaterialProxy M_UE4Man_Body complete, GameThreadShaderMap 0x000000005B527580, marking material FDebugViewModeMaterialProxy M_UE4Man_Body as finished
[2017.04.12-17.23.12:294][340]LogTemp:Display: Marking material as finished 0x000000008C015600
[2017.04.12-17.23.12:297][340]LogTemp:Display: Finished compile of shader map 0x0000000084786400
[2017.04.12-17.23.12:297][340]LogTemp:Display: Shader map FDebugViewModeMaterialProxy M_CobbleStone_Smooth complete, GameThreadShaderMap 0x0000000084786400, marking material FDebugViewModeMaterialProxy M_CobbleStone_Smooth as finished
[2017.04.12-17.23.12:297][340]LogTemp:Display: Marking material as finished 0x0000000083EC4A00
[2017.04.12-17.23.12:307][340]TextureStreamingBuild:Display: Compiling optional shaders took 2.892 seconds.
[2017.04.12-17.23.12:330][340]LogLevel:Display: Export Material TexCoord Scales took 0.023 seconds.
[2017.04.12-17.23.12:350][340]TextureStreamingBuild:Display: Build Texture Streaming took 0.020 seconds.
[2017.04.12-17.23.12:367][340]LightingResults: New page: Lighting Build - Apr 12, 2017, 3:23:12 AM
[2017.04.12-17.23.12:386][340]LogSwarmInterface: [OpenConnection] Registering TCP channel ...
[2017.04.12-17.23.12:387][340]LogSwarmInterface: [OpenConnection] Connecting to agent ...
[2017.04.12-17.23.12:387][340]LogSwarmInterface: [TryOpenConnection] Testing the Agent
[2017.04.12-17.23.12:388][340]LogSwarmInterface: [TryOpenConnection] Opening Connection to Agent
[2017.04.12-17.23.12:388][340]LogSwarmInterface: [TryOpenConnection] Local Process ID is 1360
[2017.04.12-17.23.16:894][340]LogStaticLightingSystem:Warning: No importance volume found, so the scene bounding box was used.  You can optimize your scene's quality and lighting build times by adding importance volumes.
[2017.04.12-17.23.16:895][340]LogStaticLightingSystem: Running Lightmass w/ ImmediateImport mode ENABLED
[2017.04.12-17.23.16:895][340]LogStaticLightingSystem: Running Lightmass w/ ImmediateProcess mode ENABLED
[2017.04.12-17.23.16:895][340]LogStaticLightingSystem: Running Lightmass w/ Sorting mode ENABLED
[2017.04.12-17.23.16:895][340]LogStaticLightingSystem: Running Lightmass w/ Mapping paddings ENABLED
[2017.04.12-17.23.16:895][340]LogStaticLightingSystem: Running Lightmass w/ Mapping debug paddings DISABLED
[2017.04.12-17.23.16:965][340]Cmd: MAP CHECK DONTDISPLAYDIALOG
[2017.04.12-17.23.16:965][340]MapCheck: New page: Minimal_Default - Apr 12, 2017, 3:23:16 AM
[2017.04.12-17.23.16:966][340]MapCheck:Error: Error WorldSettings_1 Maps need lighting rebuilt 
[2017.04.12-17.23.17:032][340]MapCheck: Info Map check complete: 1 Error(s), 0 Warning(s), took 66.493ms to complete.
[2017.04.12-17.23.17:052][340]LogEditorBuildUtils: Build time 0:08
[2017.04.12-17.23.27:764][607]LightingResults:Warning: Warning <None> Object has overlapping UVs.
[2017.04.12-17.23.27:764][607]LightingResults: Info <None> Lightmap UV are overlapping by 1.0%. Please adjust content - Enable Error Coloring to visualize.
[2017.04.12-17.23.28:097][615]Job is a success!
[2017.04.12-17.23.29:378][616]LogTexture:Display: Building textures: HQ_Lightmap1_1 (AutoDXT, 1024X1024) - 236 MB total VRAM
[2017.04.12-17.23.29:378][616]LogTexture:Display: Building textures: LQ_Lightmap_1_1 (DXT1, 1024X1024) - 236 MB total VRAM
[2017.04.12-17.23.29:378][616]LogTexture:Display: Building textures: HQ_Lightmap1_2 (AutoDXT, 1024X1024) - 236 MB total VRAM
[2017.04.12-17.23.29:378][616]LogTexture:Display: Building textures: LQ_Lightmap_1_2 (DXT1, 1024X1024) - 236 MB total VRAM
[2017.04.12-17.23.29:378][616]LogTexture:Display: Building textures: HQ_Lightmap1_3 (AutoDXT, 64X64) - 236 MB total VRAM
[2017.04.12-17.23.29:378][616]LogTexture:Display: Building textures: LQ_Lightmap_1_3 (DXT1, 64X64) - 236 MB total VRAM
[2017.04.12-17.23.29:524][616]LogTexture:Display: Building textures: ShadowMapTexture2D_5 (G8, 32X32) - 236 MB total VRAM
[2017.04.12-17.23.29:524][616]LogTexture:Display: Building textures: ShadowMapTexture2D_4 (G8, 128X128) - 236 MB total VRAM
[2017.04.12-17.23.29:524][616]LogTexture:Display: Building textures: ShadowMapTexture2D_3 (G8, 512X512) - 236 MB total VRAM
[2017.04.12-17.23.29:540][616]Lightmass on SEA-8FE212: 11.5 sec total, 161 ms importing, 67 ms setup, 1.17 sec photons, 10.1 sec processing, 0 ms extra exporting [355/355 mappings]. Threads: 1:10 min total, 51.1 sec processing.
[2017.04.12-17.23.29:583][616]LogStaticLightingSystem: Illumination: 17.1 sec (1.03 sec encoding lightmaps, 142 ms encoding shadowmaps)
[2017.04.12-17.23.29:583][616]LogStaticLightingSystem: Lightmap texture memory:  4.0 MB (2.0 MB streaming, 2.0 MB non-streaming), 6 textures
[2017.04.12-17.23.29:583][616]LogStaticLightingSystem: Shadowmap texture memory: 0.4 MB (0.0 MB streaming, 0.3 MB non-streaming), 3 textures
[2017.04.12-17.23.29:895][616]DumpUnbuiltLightIteractions
[2017.04.12-17.23.29:895][616]Lights with unbuilt interactions: 0
[2017.04.12-17.23.29:895][616]
[2017.04.12-17.23.29:895][616]Primitives with unbuilt interactions: 0
[2017.04.12-17.23.29:909][617]Cmd: MAP CHECK NOTIFYRESULTS
[2017.04.12-17.23.29:909][617]MapCheck: New page: Minimal_Default - Apr 12, 2017, 3:23:29 AM
[2017.04.12-17.23.29:977][617]MapCheck: Info Map check complete: 0 Error(s), 0 Warning(s), took 67.846ms to complete.
[2017.04.12-17.23.39:210][175]LogSavePackage: Save=343.06ms
[2017.04.12-17.23.39:210][175]LogSavePackage: Moving '../../../../../../Users/matthew.dowling/Desktop/GameProjects/UnrealAIAssessment/Saved/Minimal_Default5DB57076401A87E81D3CEDB6C37EF99E.tmp' to '../../../../../../Users/matthew.dowling/Desktop/GameProjects/UnrealAIAssessment/Content/StarterContent/Maps/Minimal_Default.umap'
[2017.04.12-17.23.39:217][175]LogSavePackage:Display: Finished SavePackage ../../../../../../Users/matthew.dowling/Desktop/GameProjects/UnrealAIAssessment/Content/StarterContent/Maps/Minimal_Default.umap
[2017.04.12-17.23.39:485][175]LogSavePackage: Save=230.32ms
[2017.04.12-17.23.39:485][175]LogSavePackage: Moving '../../../../../../Users/matthew.dowling/Desktop/GameProjects/UnrealAIAssessment/Saved/Minimal_Default_BuiltDataE5625ADD41C38530CB82998F19317EED.tmp' to '../../../../../../Users/matthew.dowling/Desktop/GameProjects/UnrealAIAssessment/Content/StarterContent/Maps/Minimal_Default_BuiltData.uasset'
[2017.04.12-17.23.39:493][175]LogSavePackage:Display: Finished SavePackage ../../../../../../Users/matthew.dowling/Desktop/GameProjects/UnrealAIAssessment/Content/StarterContent/Maps/Minimal_Default_BuiltData.uasset
